<?xml version="1.0" encoding="UTF-8"?>
<robot generator="Robot 6.0 (Python 3.10.2 on darwin)" generated="20221101 17:11:52.062" rpa="false" schemaversion="3">
<suite id="s1" name="Testcases" source="/Users/navyaannajames/PycharmProjects/BinkWeb/bink-web-automation/testcases">
<suite id="s1-s1" name="Test Add Delete Paymentcard" source="/Users/navyaannajames/PycharmProjects/BinkWeb/bink-web-automation/testcases/test_add_delete_paymentcard.robot">
<kw name="Include Browser Drivers" library="general_keywords" type="SETUP">
<kw name="Evaluate" library="BuiltIn">
<var>${chrome_options}</var>
<arg>sys.modules['selenium.webdriver'].ChromeOptions()</arg>
<arg>sys, selenium.webdriver</arg>
<doc>Evaluates the given expression in Python and returns the result.</doc>
<msg timestamp="20221101 17:11:52.291" level="INFO">${chrome_options} = &lt;selenium.webdriver.chrome.options.Options object at 0x10436e4d0&gt;</msg>
<status status="PASS" starttime="20221101 17:11:52.291" endtime="20221101 17:11:52.291"/>
</kw>
<kw name="Call Method" library="BuiltIn">
<arg>${chrome_options}</arg>
<arg>add_argument</arg>
<arg>--disable-extensions</arg>
<doc>Calls the named method of the given object with the provided arguments.</doc>
<status status="PASS" starttime="20221101 17:11:52.291" endtime="20221101 17:11:52.291"/>
</kw>
<kw name="Call Method" library="BuiltIn">
<arg>${chrome_options}</arg>
<arg>add_argument</arg>
<arg>--headless</arg>
<doc>Calls the named method of the given object with the provided arguments.</doc>
<status status="PASS" starttime="20221101 17:11:52.291" endtime="20221101 17:11:52.291"/>
</kw>
<kw name="Call Method" library="BuiltIn">
<arg>${chrome_options}</arg>
<arg>add_argument</arg>
<arg>--disable-gpu</arg>
<doc>Calls the named method of the given object with the provided arguments.</doc>
<status status="PASS" starttime="20221101 17:11:52.291" endtime="20221101 17:11:52.291"/>
</kw>
<kw name="Call Method" library="BuiltIn">
<arg>${chrome_options}</arg>
<arg>add_argument</arg>
<arg>--no-sandbox</arg>
<doc>Calls the named method of the given object with the provided arguments.</doc>
<status status="PASS" starttime="20221101 17:11:52.291" endtime="20221101 17:11:52.292"/>
</kw>
<kw name="Call Method" library="BuiltIn">
<arg>${chrome_options}</arg>
<arg>add_argument</arg>
<arg>window-size\=1440,813</arg>
<doc>Calls the named method of the given object with the provided arguments.</doc>
<status status="PASS" starttime="20221101 17:11:52.292" endtime="20221101 17:11:52.292"/>
</kw>
<kw name="Create Webdriver" library="Selenium2Library">
<arg>Chrome</arg>
<arg>chrome_options=${chrome_options}</arg>
<doc>Creates an instance of Selenium WebDriver.</doc>
<msg timestamp="20221101 17:11:52.292" level="INFO">Creating an instance of the Chrome WebDriver.</msg>
<status status="PASS" starttime="20221101 17:11:52.292" endtime="20221101 17:11:53.648"/>
</kw>
<status status="PASS" starttime="20221101 17:11:52.290" endtime="20221101 17:11:53.648"/>
</kw>
<test id="s1-s1-t1" name="Add Paymentcard" line="13">
<kw name="Launch the Wasabi App" library="general_keywords">
<kw name="Go To" library="Selenium2Library">
<arg>${url}</arg>
<doc>Navigates the current browser window to the provided ``url``.</doc>
<msg timestamp="20221101 17:11:53.650" level="INFO">Opening url 'https:wasabi.staging.gb.bink.com/login?debugLogin=true'</msg>
<status status="PASS" starttime="20221101 17:11:53.649" endtime="20221101 17:11:54.998"/>
</kw>
<status status="PASS" starttime="20221101 17:11:53.649" endtime="20221101 17:11:54.999"/>
</kw>
<kw name="Enter UserName" library="login_keywords">
<kw name="Set Selenium Speed" library="Selenium2Library">
<arg>1</arg>
<doc>Sets the delay that is waited after each Selenium command.</doc>
<status status="PASS" starttime="20221101 17:11:55.001" endtime="20221101 17:11:55.002"/>
</kw>
<kw name="Input Text" library="Selenium2Library">
<arg>${txt_login_email}</arg>
<arg>${email}</arg>
<doc>Types the given ``text`` into the text field identified by ``locator``.</doc>
<msg timestamp="20221101 17:11:55.004" level="INFO">Typing text 'QAtest+ws11@bink.com' into text field 'xpath://body/div[@id='bink-app-root']/div[1]/div[1]/div[2]/form[1]/label[1]/input[1]'.</msg>
<status status="PASS" starttime="20221101 17:11:55.002" endtime="20221101 17:11:58.317"/>
</kw>
<status status="PASS" starttime="20221101 17:11:55.000" endtime="20221101 17:11:58.318"/>
</kw>
<kw name="Enter Password" library="login_keywords">
<kw name="Input Password" library="Selenium2Library">
<arg>${txt_login_password}</arg>
<arg>${password}</arg>
<doc>Types the given password into the text field identified by ``locator``.</doc>
<msg timestamp="20221101 17:11:58.320" level="INFO">Typing password into text field 'xpath://body/div[@id='bink-app-root']/div[1]/div[1]/div[2]/form[1]/label[2]/input[1]'.</msg>
<msg timestamp="20221101 17:12:00.365" level="INFO">Temporally setting log level to: NONE</msg>
<msg timestamp="20221101 17:12:01.416" level="INFO">Log level changed from NONE to INFO.</msg>
<status status="PASS" starttime="20221101 17:11:58.319" endtime="20221101 17:12:01.417"/>
</kw>
<status status="PASS" starttime="20221101 17:11:58.318" endtime="20221101 17:12:01.417"/>
</kw>
<kw name="Click Login" library="login_keywords">
<kw name="Click Element" library="Selenium2Library">
<arg>${btn_login}</arg>
<doc>Click the element identified by ``locator``.</doc>
<msg timestamp="20221101 17:12:01.421" level="INFO">Clicking element 'xpath://button[contains(text(),'Login')]'.</msg>
<status status="PASS" starttime="20221101 17:12:01.419" endtime="20221101 17:12:03.593"/>
</kw>
<status status="PASS" starttime="20221101 17:12:01.419" endtime="20221101 17:12:03.594"/>
</kw>
<kw name="Add Payment Button" library="addpaymentcard_keywords">
<kw name="Click Element" library="Selenium2Library">
<arg>${btn_add_payment_card}</arg>
<doc>Click the element identified by ``locator``.</doc>
<msg timestamp="20221101 17:12:03.596" level="INFO">Clicking element 'xpath://button[@class='PaymentCardAdd_root__RzQCU']//*[name()='svg']'.</msg>
<status status="PASS" starttime="20221101 17:12:03.595" endtime="20221101 17:12:05.675"/>
</kw>
<kw name="Sleep" library="BuiltIn">
<arg>1</arg>
<doc>Pauses the test executed for the given time.</doc>
<msg timestamp="20221101 17:12:06.676" level="INFO">Slept 1 second</msg>
<status status="PASS" starttime="20221101 17:12:05.675" endtime="20221101 17:12:06.676"/>
</kw>
<kw name="Wait Until Page Contains" library="Selenium2Library">
<arg>Add credit/debit card</arg>
<doc>Waits until ``text`` appears on the current page.</doc>
<status status="PASS" starttime="20221101 17:12:06.677" endtime="20221101 17:12:07.697"/>
</kw>
<status status="PASS" starttime="20221101 17:12:03.594" endtime="20221101 17:12:07.698"/>
</kw>
<kw name="Enter Visa CardNumber" library="addpaymentcard_keywords">
<kw name="Select Frame" library="Selenium2Library">
<arg>tag:iframe</arg>
<doc>Sets frame identified by ``locator`` as the current frame.</doc>
<msg timestamp="20221101 17:12:07.700" level="INFO">Selecting frame 'tag:iframe'.</msg>
<status status="PASS" starttime="20221101 17:12:07.699" endtime="20221101 17:12:09.739"/>
</kw>
<kw name="Wait Until Page Contains Element" library="Selenium2Library">
<arg>${txt_cardnumber}</arg>
<doc>Waits until the element ``locator`` appears on the current page.</doc>
<status status="PASS" starttime="20221101 17:12:09.739" endtime="20221101 17:12:10.761"/>
</kw>
<kw name="Input Text" library="Selenium2Library">
<arg>${txt_cardnumber}</arg>
<arg>${Visacardnumber}</arg>
<doc>Types the given ``text`` into the text field identified by ``locator``.</doc>
<msg timestamp="20221101 17:12:10.762" level="INFO">Typing text '4539985769257548' into text field 'name:card_number'.</msg>
<status status="PASS" starttime="20221101 17:12:10.761" endtime="20221101 17:12:13.865"/>
</kw>
<kw name="Unselect Frame" library="Selenium2Library">
<doc>Sets the main frame as the current frame.</doc>
<status status="PASS" starttime="20221101 17:12:13.866" endtime="20221101 17:12:14.873"/>
</kw>
<status status="PASS" starttime="20221101 17:12:07.698" endtime="20221101 17:12:14.873"/>
</kw>
<kw name="Select Exp Month" library="addpaymentcard_keywords">
<kw name="Select From List By Label" library="Selenium2Library">
<arg>${drp_expmonth}</arg>
<arg>01</arg>
<doc>Selects options from selection list ``locator`` by ``labels``.</doc>
<msg timestamp="20221101 17:12:14.875" level="INFO">Selecting options from selection list 'name:cc-exp-month' by label 01.</msg>
<status status="PASS" starttime="20221101 17:12:14.874" endtime="20221101 17:12:24.021"/>
</kw>
<status status="PASS" starttime="20221101 17:12:14.874" endtime="20221101 17:12:24.022"/>
</kw>
<kw name="Select Exp Year" library="addpaymentcard_keywords">
<kw name="Select From List By Label" library="Selenium2Library">
<arg>${drp_expyear}</arg>
<arg>25</arg>
<doc>Selects options from selection list ``locator`` by ``labels``.</doc>
<msg timestamp="20221101 17:12:24.024" level="INFO">Selecting options from selection list 'name:cc-exp-year' by label 25.</msg>
<status status="PASS" starttime="20221101 17:12:24.023" endtime="20221101 17:12:33.167"/>
</kw>
<status status="PASS" starttime="20221101 17:12:24.022" endtime="20221101 17:12:33.167"/>
</kw>
<kw name="Enter Name on Card" library="addpaymentcard_keywords">
<kw name="Input Text" library="Selenium2Library">
<arg>${txt_name_on_card}</arg>
<arg>${nameoncard}</arg>
<doc>Types the given ``text`` into the text field identified by ``locator``.</doc>
<msg timestamp="20221101 17:12:33.169" level="INFO">Typing text 'Testuser' into text field 'name:payment-card-cardholder-name'.</msg>
<status status="PASS" starttime="20221101 17:12:33.168" endtime="20221101 17:12:36.269"/>
</kw>
<status status="PASS" starttime="20221101 17:12:33.168" endtime="20221101 17:12:36.269"/>
</kw>
<kw name="Click Add Credit Debit card Button" library="addpaymentcard_keywords">
<kw name="Click Element" library="Selenium2Library">
<arg>${btn_add_card}</arg>
<doc>Click the element identified by ``locator``.</doc>
<msg timestamp="20221101 17:12:36.270" level="INFO">Clicking element 'xpath://button[contains(text(),'Add credit/debit card')]'.</msg>
<status status="PASS" starttime="20221101 17:12:36.269" endtime="20221101 17:12:38.316"/>
</kw>
<kw name="Sleep" library="BuiltIn">
<arg>4</arg>
<doc>Pauses the test executed for the given time.</doc>
<msg timestamp="20221101 17:12:42.319" level="INFO">Slept 4 seconds</msg>
<status status="PASS" starttime="20221101 17:12:38.316" endtime="20221101 17:12:42.321"/>
</kw>
<status status="PASS" starttime="20221101 17:12:36.269" endtime="20221101 17:12:42.322"/>
</kw>
<kw name="Add Payment Button" library="addpaymentcard_keywords">
<kw name="Click Element" library="Selenium2Library">
<arg>${btn_add_payment_card}</arg>
<doc>Click the element identified by ``locator``.</doc>
<msg timestamp="20221101 17:12:42.327" level="INFO">Clicking element 'xpath://button[@class='PaymentCardAdd_root__RzQCU']//*[name()='svg']'.</msg>
<status status="PASS" starttime="20221101 17:12:42.325" endtime="20221101 17:12:44.448"/>
</kw>
<kw name="Sleep" library="BuiltIn">
<arg>1</arg>
<doc>Pauses the test executed for the given time.</doc>
<msg timestamp="20221101 17:12:45.451" level="INFO">Slept 1 second</msg>
<status status="PASS" starttime="20221101 17:12:44.449" endtime="20221101 17:12:45.451"/>
</kw>
<kw name="Wait Until Page Contains" library="Selenium2Library">
<arg>Add credit/debit card</arg>
<doc>Waits until ``text`` appears on the current page.</doc>
<status status="PASS" starttime="20221101 17:12:45.452" endtime="20221101 17:12:46.474"/>
</kw>
<status status="PASS" starttime="20221101 17:12:42.323" endtime="20221101 17:12:46.475"/>
</kw>
<kw name="Enter Master CardNumber" library="addpaymentcard_keywords">
<kw name="Select Frame" library="Selenium2Library">
<arg>tag:iframe</arg>
<doc>Sets frame identified by ``locator`` as the current frame.</doc>
<msg timestamp="20221101 17:12:46.478" level="INFO">Selecting frame 'tag:iframe'.</msg>
<status status="PASS" starttime="20221101 17:12:46.476" endtime="20221101 17:12:48.517"/>
</kw>
<kw name="Wait Until Page Contains Element" library="Selenium2Library">
<arg>${txt_cardnumber}</arg>
<doc>Waits until the element ``locator`` appears on the current page.</doc>
<status status="PASS" starttime="20221101 17:12:48.518" endtime="20221101 17:12:49.532"/>
</kw>
<kw name="Input Text" library="Selenium2Library">
<arg>${txt_cardnumber}</arg>
<arg>${Mastercardnumber}</arg>
<doc>Types the given ``text`` into the text field identified by ``locator``.</doc>
<msg timestamp="20221101 17:12:49.534" level="INFO">Typing text '5113468798670008' into text field 'name:card_number'.</msg>
<status status="PASS" starttime="20221101 17:12:49.533" endtime="20221101 17:12:52.638"/>
</kw>
<kw name="Unselect Frame" library="Selenium2Library">
<doc>Sets the main frame as the current frame.</doc>
<status status="PASS" starttime="20221101 17:12:52.638" endtime="20221101 17:12:53.644"/>
</kw>
<status status="PASS" starttime="20221101 17:12:46.476" endtime="20221101 17:12:53.644"/>
</kw>
<kw name="Select Exp Month" library="addpaymentcard_keywords">
<kw name="Select From List By Label" library="Selenium2Library">
<arg>${drp_expmonth}</arg>
<arg>01</arg>
<doc>Selects options from selection list ``locator`` by ``labels``.</doc>
<msg timestamp="20221101 17:12:53.645" level="INFO">Selecting options from selection list 'name:cc-exp-month' by label 01.</msg>
<status status="PASS" starttime="20221101 17:12:53.645" endtime="20221101 17:13:02.756"/>
</kw>
<status status="PASS" starttime="20221101 17:12:53.644" endtime="20221101 17:13:02.757"/>
</kw>
<kw name="Select Exp Year" library="addpaymentcard_keywords">
<kw name="Select From List By Label" library="Selenium2Library">
<arg>${drp_expyear}</arg>
<arg>25</arg>
<doc>Selects options from selection list ``locator`` by ``labels``.</doc>
<msg timestamp="20221101 17:13:02.759" level="INFO">Selecting options from selection list 'name:cc-exp-year' by label 25.</msg>
<status status="PASS" starttime="20221101 17:13:02.758" endtime="20221101 17:13:11.908"/>
</kw>
<status status="PASS" starttime="20221101 17:13:02.757" endtime="20221101 17:13:11.909"/>
</kw>
<kw name="Enter Name on Card" library="addpaymentcard_keywords">
<kw name="Input Text" library="Selenium2Library">
<arg>${txt_name_on_card}</arg>
<arg>${nameoncard}</arg>
<doc>Types the given ``text`` into the text field identified by ``locator``.</doc>
<msg timestamp="20221101 17:13:11.912" level="INFO">Typing text 'Testuser' into text field 'name:payment-card-cardholder-name'.</msg>
<status status="PASS" starttime="20221101 17:13:11.911" endtime="20221101 17:13:15.038"/>
</kw>
<status status="PASS" starttime="20221101 17:13:11.909" endtime="20221101 17:13:15.038"/>
</kw>
<kw name="Click Add Credit Debit card Button" library="addpaymentcard_keywords">
<kw name="Click Element" library="Selenium2Library">
<arg>${btn_add_card}</arg>
<doc>Click the element identified by ``locator``.</doc>
<msg timestamp="20221101 17:13:15.040" level="INFO">Clicking element 'xpath://button[contains(text(),'Add credit/debit card')]'.</msg>
<status status="PASS" starttime="20221101 17:13:15.039" endtime="20221101 17:13:17.081"/>
</kw>
<kw name="Sleep" library="BuiltIn">
<arg>4</arg>
<doc>Pauses the test executed for the given time.</doc>
<msg timestamp="20221101 17:13:21.082" level="INFO">Slept 4 seconds</msg>
<status status="PASS" starttime="20221101 17:13:17.081" endtime="20221101 17:13:21.083"/>
</kw>
<status status="PASS" starttime="20221101 17:13:15.039" endtime="20221101 17:13:21.083"/>
</kw>
<kw name="Add Payment Button" library="addpaymentcard_keywords">
<kw name="Click Element" library="Selenium2Library">
<arg>${btn_add_payment_card}</arg>
<doc>Click the element identified by ``locator``.</doc>
<msg timestamp="20221101 17:13:21.086" level="INFO">Clicking element 'xpath://button[@class='PaymentCardAdd_root__RzQCU']//*[name()='svg']'.</msg>
<status status="PASS" starttime="20221101 17:13:21.084" endtime="20221101 17:13:23.155"/>
</kw>
<kw name="Sleep" library="BuiltIn">
<arg>1</arg>
<doc>Pauses the test executed for the given time.</doc>
<msg timestamp="20221101 17:13:24.156" level="INFO">Slept 1 second</msg>
<status status="PASS" starttime="20221101 17:13:23.155" endtime="20221101 17:13:24.157"/>
</kw>
<kw name="Wait Until Page Contains" library="Selenium2Library">
<arg>Add credit/debit card</arg>
<doc>Waits until ``text`` appears on the current page.</doc>
<status status="PASS" starttime="20221101 17:13:24.158" endtime="20221101 17:13:25.171"/>
</kw>
<status status="PASS" starttime="20221101 17:13:21.084" endtime="20221101 17:13:25.172"/>
</kw>
<kw name="Enter American Express CardNumber" library="addpaymentcard_keywords">
<kw name="Select Frame" library="Selenium2Library">
<arg>tag:iframe</arg>
<doc>Sets frame identified by ``locator`` as the current frame.</doc>
<msg timestamp="20221101 17:13:25.174" level="INFO">Selecting frame 'tag:iframe'.</msg>
<status status="PASS" starttime="20221101 17:13:25.173" endtime="20221101 17:13:27.214"/>
</kw>
<kw name="Wait Until Page Contains Element" library="Selenium2Library">
<arg>${txt_cardnumber}</arg>
<doc>Waits until the element ``locator`` appears on the current page.</doc>
<status status="PASS" starttime="20221101 17:13:27.214" endtime="20221101 17:13:28.229"/>
</kw>
<kw name="Input Text" library="Selenium2Library">
<arg>${txt_cardnumber}</arg>
<arg>${AmericanExpresscardnumber}</arg>
<doc>Types the given ``text`` into the text field identified by ``locator``.</doc>
<msg timestamp="20221101 17:13:28.230" level="INFO">Typing text '378324244483655' into text field 'name:card_number'.</msg>
<status status="PASS" starttime="20221101 17:13:28.229" endtime="20221101 17:13:31.332"/>
</kw>
<kw name="Unselect Frame" library="Selenium2Library">
<doc>Sets the main frame as the current frame.</doc>
<status status="PASS" starttime="20221101 17:13:31.332" endtime="20221101 17:13:32.335"/>
</kw>
<status status="PASS" starttime="20221101 17:13:25.172" endtime="20221101 17:13:32.335"/>
</kw>
<kw name="Select Exp Month" library="addpaymentcard_keywords">
<kw name="Select From List By Label" library="Selenium2Library">
<arg>${drp_expmonth}</arg>
<arg>01</arg>
<doc>Selects options from selection list ``locator`` by ``labels``.</doc>
<msg timestamp="20221101 17:13:32.337" level="INFO">Selecting options from selection list 'name:cc-exp-month' by label 01.</msg>
<status status="PASS" starttime="20221101 17:13:32.336" endtime="20221101 17:13:41.441"/>
</kw>
<status status="PASS" starttime="20221101 17:13:32.335" endtime="20221101 17:13:41.442"/>
</kw>
<kw name="Select Exp Year" library="addpaymentcard_keywords">
<kw name="Select From List By Label" library="Selenium2Library">
<arg>${drp_expyear}</arg>
<arg>25</arg>
<doc>Selects options from selection list ``locator`` by ``labels``.</doc>
<msg timestamp="20221101 17:13:41.444" level="INFO">Selecting options from selection list 'name:cc-exp-year' by label 25.</msg>
<status status="PASS" starttime="20221101 17:13:41.443" endtime="20221101 17:13:50.583"/>
</kw>
<status status="PASS" starttime="20221101 17:13:41.442" endtime="20221101 17:13:50.584"/>
</kw>
<kw name="Enter Name on Card" library="addpaymentcard_keywords">
<kw name="Input Text" library="Selenium2Library">
<arg>${txt_name_on_card}</arg>
<arg>${nameoncard}</arg>
<doc>Types the given ``text`` into the text field identified by ``locator``.</doc>
<msg timestamp="20221101 17:13:50.586" level="INFO">Typing text 'Testuser' into text field 'name:payment-card-cardholder-name'.</msg>
<status status="PASS" starttime="20221101 17:13:50.585" endtime="20221101 17:13:53.682"/>
</kw>
<status status="PASS" starttime="20221101 17:13:50.584" endtime="20221101 17:13:53.682"/>
</kw>
<kw name="Click Add Credit Debit card Button" library="addpaymentcard_keywords">
<kw name="Click Element" library="Selenium2Library">
<arg>${btn_add_card}</arg>
<doc>Click the element identified by ``locator``.</doc>
<msg timestamp="20221101 17:13:53.683" level="INFO">Clicking element 'xpath://button[contains(text(),'Add credit/debit card')]'.</msg>
<status status="PASS" starttime="20221101 17:13:53.682" endtime="20221101 17:13:55.725"/>
</kw>
<kw name="Sleep" library="BuiltIn">
<arg>4</arg>
<doc>Pauses the test executed for the given time.</doc>
<msg timestamp="20221101 17:13:59.727" level="INFO">Slept 4 seconds</msg>
<status status="PASS" starttime="20221101 17:13:55.725" endtime="20221101 17:13:59.728"/>
</kw>
<status status="PASS" starttime="20221101 17:13:53.682" endtime="20221101 17:13:59.728"/>
</kw>
<kw name="Verify Payment card added" library="addpaymentcard_keywords">
<kw name="Execute Javascript" library="Selenium2Library">
<arg>window.scrollTo(0,document.body.scrollHeight)</arg>
<doc>Executes the given JavaScript code with possible arguments.</doc>
<msg timestamp="20221101 17:13:59.732" level="INFO">Executing JavaScript:
window.scrollTo(0,document.body.scrollHeight)
Without any arguments.</msg>
<status status="PASS" starttime="20221101 17:13:59.730" endtime="20221101 17:14:00.746"/>
</kw>
<kw name="Execute Javascript" library="Selenium2Library">
<arg>window.scrollTo(0,-document.body.scrollHeight)</arg>
<doc>Executes the given JavaScript code with possible arguments.</doc>
<msg timestamp="20221101 17:14:00.749" level="INFO">Executing JavaScript:
window.scrollTo(0,-document.body.scrollHeight)
Without any arguments.</msg>
<status status="PASS" starttime="20221101 17:14:00.747" endtime="20221101 17:14:01.764"/>
</kw>
<kw name="Capture Page Screenshot" library="Selenium2Library">
<doc>Takes a screenshot of the current page and embeds it into a log file.</doc>
<msg timestamp="20221101 17:14:03.303" level="INFO" html="true">&lt;/td&gt;&lt;/tr&gt;&lt;tr&gt;&lt;td colspan="3"&gt;&lt;a href="selenium-screenshot-2.png"&gt;&lt;img src="selenium-screenshot-2.png" width="800px"&gt;&lt;/a&gt;</msg>
<status status="PASS" starttime="20221101 17:14:01.764" endtime="20221101 17:14:03.304"/>
</kw>
<status status="PASS" starttime="20221101 17:13:59.729" endtime="20221101 17:14:03.304"/>
</kw>
<kw name=" Delete Payment Card Visa" library="deletepaymentcard_keywords">
<kw name="Click Element" library="Selenium2Library">
<arg>${click_deleteIcon}</arg>
<doc>Click the element identified by ``locator``.</doc>
<msg timestamp="20221101 17:14:03.305" level="INFO">Clicking element 'xpath://body/div[@id='bink-app-root']/div[1]/section[4]/div[2]/div[1]/div[1]/div[2]/*[1]'.</msg>
<status status="PASS" starttime="20221101 17:14:03.305" endtime="20221101 17:14:05.384"/>
</kw>
<kw name="Page Should Contain" library="Selenium2Library">
<arg>Delete this card</arg>
<doc>Verifies that current page contains ``text``.</doc>
<msg timestamp="20221101 17:14:07.412" level="INFO">Current page contains text 'Delete this card'.</msg>
<status status="PASS" starttime="20221101 17:14:05.384" endtime="20221101 17:14:07.412"/>
</kw>
<kw name="Input Text" library="Selenium2Library">
<arg>${txt_enter_four_digits}</arg>
<arg>${lastfournumber_visa}</arg>
<doc>Types the given ``text`` into the text field identified by ``locator``.</doc>
<msg timestamp="20221101 17:14:07.414" level="INFO">Typing text '7548' into text field 'xpath://input[@id='bink-form-field-last-four-digits']'.</msg>
<status status="PASS" starttime="20221101 17:14:07.413" endtime="20221101 17:14:10.519"/>
</kw>
<kw name="Click Element" library="Selenium2Library">
<arg>${btn_remove_card}</arg>
<doc>Click the element identified by ``locator``.</doc>
<msg timestamp="20221101 17:14:10.520" level="INFO">Clicking element 'xpath://button[contains(text(),'Remove card')]'.</msg>
<status status="PASS" starttime="20221101 17:14:10.519" endtime="20221101 17:14:12.564"/>
</kw>
<kw name="Sleep" library="BuiltIn">
<arg>3</arg>
<doc>Pauses the test executed for the given time.</doc>
<msg timestamp="20221101 17:14:15.576" level="INFO">Slept 3 seconds</msg>
<status status="PASS" starttime="20221101 17:14:12.571" endtime="20221101 17:14:15.576"/>
</kw>
<status status="PASS" starttime="20221101 17:14:03.304" endtime="20221101 17:14:15.577"/>
</kw>
<kw name="Delete Payment Card Mastercard" library="deletepaymentcard_keywords">
<kw name="Click Element" library="Selenium2Library">
<arg>${click_deleteIcon}</arg>
<doc>Click the element identified by ``locator``.</doc>
<msg timestamp="20221101 17:14:15.580" level="INFO">Clicking element 'xpath://body/div[@id='bink-app-root']/div[1]/section[4]/div[2]/div[1]/div[1]/div[2]/*[1]'.</msg>
<status status="PASS" starttime="20221101 17:14:15.578" endtime="20221101 17:14:17.646"/>
</kw>
<kw name="Page Should Contain" library="Selenium2Library">
<arg>Delete this card</arg>
<doc>Verifies that current page contains ``text``.</doc>
<msg timestamp="20221101 17:14:19.701" level="INFO">Current page contains text 'Delete this card'.</msg>
<status status="PASS" starttime="20221101 17:14:17.647" endtime="20221101 17:14:19.703"/>
</kw>
<kw name="Input Text" library="Selenium2Library">
<arg>${txt_enter_four_digits}</arg>
<arg>${lastfournumber_mastercard}</arg>
<doc>Types the given ``text`` into the text field identified by ``locator``.</doc>
<msg timestamp="20221101 17:14:19.707" level="INFO">Typing text '0008' into text field 'xpath://input[@id='bink-form-field-last-four-digits']'.</msg>
<status status="PASS" starttime="20221101 17:14:19.704" endtime="20221101 17:14:22.838"/>
</kw>
<kw name="Click Element" library="Selenium2Library">
<arg>${btn_remove_card}</arg>
<doc>Click the element identified by ``locator``.</doc>
<msg timestamp="20221101 17:14:22.839" level="INFO">Clicking element 'xpath://button[contains(text(),'Remove card')]'.</msg>
<status status="PASS" starttime="20221101 17:14:22.838" endtime="20221101 17:14:24.924"/>
</kw>
<kw name="Sleep" library="BuiltIn">
<arg>3</arg>
<doc>Pauses the test executed for the given time.</doc>
<msg timestamp="20221101 17:14:27.927" level="INFO">Slept 3 seconds</msg>
<status status="PASS" starttime="20221101 17:14:24.925" endtime="20221101 17:14:27.928"/>
</kw>
<status status="PASS" starttime="20221101 17:14:15.577" endtime="20221101 17:14:27.928"/>
</kw>
<kw name="Delete Payment Card American Express" library="deletepaymentcard_keywords">
<kw name="Click Element" library="Selenium2Library">
<arg>${click_deleteIcon}</arg>
<doc>Click the element identified by ``locator``.</doc>
<msg timestamp="20221101 17:14:27.931" level="INFO">Clicking element 'xpath://body/div[@id='bink-app-root']/div[1]/section[4]/div[2]/div[1]/div[1]/div[2]/*[1]'.</msg>
<status status="PASS" starttime="20221101 17:14:27.929" endtime="20221101 17:14:30.012"/>
</kw>
<kw name="Page Should Contain" library="Selenium2Library">
<arg>Delete this card</arg>
<doc>Verifies that current page contains ``text``.</doc>
<msg timestamp="20221101 17:14:32.038" level="INFO">Current page contains text 'Delete this card'.</msg>
<status status="PASS" starttime="20221101 17:14:30.014" endtime="20221101 17:14:32.039"/>
</kw>
<kw name="Input Text" library="Selenium2Library">
<arg>${txt_enter_four_digits}</arg>
<arg>${lastfournumber_americanexpress}</arg>
<doc>Types the given ``text`` into the text field identified by ``locator``.</doc>
<msg timestamp="20221101 17:14:32.040" level="INFO">Typing text '3655' into text field 'xpath://input[@id='bink-form-field-last-four-digits']'.</msg>
<status status="PASS" starttime="20221101 17:14:32.039" endtime="20221101 17:14:35.137"/>
</kw>
<kw name="Click Element" library="Selenium2Library">
<arg>${btn_remove_card}</arg>
<doc>Click the element identified by ``locator``.</doc>
<msg timestamp="20221101 17:14:35.141" level="INFO">Clicking element 'xpath://button[contains(text(),'Remove card')]'.</msg>
<status status="PASS" starttime="20221101 17:14:35.138" endtime="20221101 17:14:37.187"/>
</kw>
<kw name="Sleep" library="BuiltIn">
<arg>3</arg>
<doc>Pauses the test executed for the given time.</doc>
<msg timestamp="20221101 17:14:40.188" level="INFO">Slept 3 seconds</msg>
<status status="PASS" starttime="20221101 17:14:37.188" endtime="20221101 17:14:40.189"/>
</kw>
<status status="PASS" starttime="20221101 17:14:27.929" endtime="20221101 17:14:40.189"/>
</kw>
<kw name="Verify Add Payment card from Add Credit/Debit card" library="addpaymentcard_keywords">
<kw name="Wait Until Element Is Visible" library="Selenium2Library">
<arg>${btn_img_red}</arg>
<arg>1s</arg>
<doc>Waits until the element ``locator`` is visible.</doc>
<status status="PASS" starttime="20221101 17:14:40.191" endtime="20221101 17:14:42.239"/>
</kw>
<kw name="Click Element" library="Selenium2Library">
<arg>${btn_add_payment_card}</arg>
<doc>Click the element identified by ``locator``.</doc>
<msg timestamp="20221101 17:14:42.241" level="INFO">Clicking element 'xpath://button[@class='PaymentCardAdd_root__RzQCU']//*[name()='svg']'.</msg>
<status status="PASS" starttime="20221101 17:14:42.239" endtime="20221101 17:14:44.307"/>
</kw>
<kw name="Sleep" library="BuiltIn">
<arg>2</arg>
<doc>Pauses the test executed for the given time.</doc>
<msg timestamp="20221101 17:14:46.309" level="INFO">Slept 2 seconds</msg>
<status status="PASS" starttime="20221101 17:14:44.307" endtime="20221101 17:14:46.310"/>
</kw>
<kw name="Click Link" library="Selenium2Library">
<arg>${link_security_privacy}</arg>
<doc>Clicks a link identified by ``locator``.</doc>
<msg timestamp="20221101 17:14:46.311" level="INFO">Clicking link 'xpath://*[@id='bink-app-root']/div[1]/div[2]/div[1]/div[1]/form/a'.</msg>
<status status="PASS" starttime="20221101 17:14:46.310" endtime="20221101 17:14:49.401"/>
</kw>
<kw name="Sleep" library="BuiltIn">
<arg>1</arg>
<doc>Pauses the test executed for the given time.</doc>
<msg timestamp="20221101 17:14:50.402" level="INFO">Slept 1 second</msg>
<status status="PASS" starttime="20221101 17:14:49.401" endtime="20221101 17:14:50.402"/>
</kw>
<kw name="Click Element" library="Selenium2Library">
<arg>${btn_add_payment_card_modal_close}</arg>
<doc>Click the element identified by ``locator``.</doc>
<msg timestamp="20221101 17:14:50.405" level="INFO">Clicking element 'xpath://*[@id='bink-app-root']/div/div[2]/button'.</msg>
<status status="PASS" starttime="20221101 17:14:50.403" endtime="20221101 17:14:52.469"/>
</kw>
<status status="PASS" starttime="20221101 17:14:40.190" endtime="20221101 17:14:52.469"/>
</kw>
<kw name="Kill Browser" library="general_keywords" type="TEARDOWN">
<kw name="Close All Browsers" library="Selenium2Library">
<doc>Closes all open browsers and resets the browser cache.</doc>
<status status="PASS" starttime="20221101 17:14:52.471" endtime="20221101 17:14:53.547"/>
</kw>
<status status="PASS" starttime="20221101 17:14:52.470" endtime="20221101 17:14:53.547"/>
</kw>
<status status="PASS" starttime="20221101 17:11:53.648" endtime="20221101 17:14:53.547"/>
</test>
<status status="PASS" starttime="20221101 17:11:52.080" endtime="20221101 17:14:53.548"/>
</suite>
<suite id="s1-s2" name="Test Login Wasabi" source="/Users/navyaannajames/PycharmProjects/BinkWeb/bink-web-automation/testcases/test_login_wasabi.robot">
<kw name="Include Browser Drivers" library="general_keywords" type="SETUP">
<kw name="Evaluate" library="BuiltIn">
<var>${chrome_options}</var>
<arg>sys.modules['selenium.webdriver'].ChromeOptions()</arg>
<arg>sys, selenium.webdriver</arg>
<doc>Evaluates the given expression in Python and returns the result.</doc>
<msg timestamp="20221101 17:14:53.557" level="INFO">${chrome_options} = &lt;selenium.webdriver.chrome.options.Options object at 0x1043eabf0&gt;</msg>
<status status="PASS" starttime="20221101 17:14:53.556" endtime="20221101 17:14:53.557"/>
</kw>
<kw name="Call Method" library="BuiltIn">
<arg>${chrome_options}</arg>
<arg>add_argument</arg>
<arg>--disable-extensions</arg>
<doc>Calls the named method of the given object with the provided arguments.</doc>
<status status="PASS" starttime="20221101 17:14:53.557" endtime="20221101 17:14:53.557"/>
</kw>
<kw name="Call Method" library="BuiltIn">
<arg>${chrome_options}</arg>
<arg>add_argument</arg>
<arg>--headless</arg>
<doc>Calls the named method of the given object with the provided arguments.</doc>
<status status="PASS" starttime="20221101 17:14:53.557" endtime="20221101 17:14:53.557"/>
</kw>
<kw name="Call Method" library="BuiltIn">
<arg>${chrome_options}</arg>
<arg>add_argument</arg>
<arg>--disable-gpu</arg>
<doc>Calls the named method of the given object with the provided arguments.</doc>
<status status="PASS" starttime="20221101 17:14:53.558" endtime="20221101 17:14:53.558"/>
</kw>
<kw name="Call Method" library="BuiltIn">
<arg>${chrome_options}</arg>
<arg>add_argument</arg>
<arg>--no-sandbox</arg>
<doc>Calls the named method of the given object with the provided arguments.</doc>
<status status="PASS" starttime="20221101 17:14:53.558" endtime="20221101 17:14:53.558"/>
</kw>
<kw name="Call Method" library="BuiltIn">
<arg>${chrome_options}</arg>
<arg>add_argument</arg>
<arg>window-size\=1440,813</arg>
<doc>Calls the named method of the given object with the provided arguments.</doc>
<status status="PASS" starttime="20221101 17:14:53.558" endtime="20221101 17:14:53.559"/>
</kw>
<kw name="Create Webdriver" library="Selenium2Library">
<arg>Chrome</arg>
<arg>chrome_options=${chrome_options}</arg>
<doc>Creates an instance of Selenium WebDriver.</doc>
<msg timestamp="20221101 17:14:53.559" level="INFO">Creating an instance of the Chrome WebDriver.</msg>
<status status="PASS" starttime="20221101 17:14:53.559" endtime="20221101 17:14:54.692"/>
</kw>
<status status="PASS" starttime="20221101 17:14:53.556" endtime="20221101 17:14:54.692"/>
</kw>
<test id="s1-s2-t1" name="LoginWasabi" line="11">
<kw name="Launch the Wasabi App" library="general_keywords">
<kw name="Go To" library="Selenium2Library">
<arg>${url}</arg>
<doc>Navigates the current browser window to the provided ``url``.</doc>
<msg timestamp="20221101 17:14:54.693" level="INFO">Opening url 'https:wasabi.staging.gb.bink.com/login?debugLogin=true'</msg>
<status status="PASS" starttime="20221101 17:14:54.693" endtime="20221101 17:14:55.666"/>
</kw>
<status status="PASS" starttime="20221101 17:14:54.693" endtime="20221101 17:14:55.666"/>
</kw>
<kw name="Enter UserName" library="login_keywords">
<kw name="Set Selenium Speed" library="Selenium2Library">
<arg>1</arg>
<doc>Sets the delay that is waited after each Selenium command.</doc>
<status status="PASS" starttime="20221101 17:14:55.667" endtime="20221101 17:14:55.667"/>
</kw>
<kw name="Input Text" library="Selenium2Library">
<arg>${txt_login_email}</arg>
<arg>${email}</arg>
<doc>Types the given ``text`` into the text field identified by ``locator``.</doc>
<msg timestamp="20221101 17:14:55.667" level="INFO">Typing text 'QAtest+ws11@bink.com' into text field 'xpath://body/div[@id='bink-app-root']/div[1]/div[1]/div[2]/form[1]/label[1]/input[1]'.</msg>
<status status="PASS" starttime="20221101 17:14:55.667" endtime="20221101 17:14:58.902"/>
</kw>
<status status="PASS" starttime="20221101 17:14:55.666" endtime="20221101 17:14:58.903"/>
</kw>
<kw name="Enter Password" library="login_keywords">
<kw name="Input Password" library="Selenium2Library">
<arg>${txt_login_password}</arg>
<arg>${password}</arg>
<doc>Types the given password into the text field identified by ``locator``.</doc>
<msg timestamp="20221101 17:14:58.907" level="INFO">Typing password into text field 'xpath://body/div[@id='bink-app-root']/div[1]/div[1]/div[2]/form[1]/label[2]/input[1]'.</msg>
<msg timestamp="20221101 17:15:00.967" level="INFO">Temporally setting log level to: NONE</msg>
<msg timestamp="20221101 17:15:02.015" level="INFO">Log level changed from NONE to INFO.</msg>
<status status="PASS" starttime="20221101 17:14:58.905" endtime="20221101 17:15:02.015"/>
</kw>
<status status="PASS" starttime="20221101 17:14:58.904" endtime="20221101 17:15:02.016"/>
</kw>
<kw name="Click Login" library="login_keywords">
<kw name="Click Element" library="Selenium2Library">
<arg>${btn_login}</arg>
<doc>Click the element identified by ``locator``.</doc>
<msg timestamp="20221101 17:15:02.017" level="INFO">Clicking element 'xpath://button[contains(text(),'Login')]'.</msg>
<status status="PASS" starttime="20221101 17:15:02.016" endtime="20221101 17:15:04.163"/>
</kw>
<status status="PASS" starttime="20221101 17:15:02.016" endtime="20221101 17:15:04.163"/>
</kw>
<kw name="View LCD" library="login_keywords">
<kw name="Wait Until Element Is Visible" library="Selenium2Library">
<arg>${membership_card_wasabi_hero_img}</arg>
<arg>1s</arg>
<doc>Waits until the element ``locator`` is visible.</doc>
<status status="PASS" starttime="20221101 17:15:04.164" endtime="20221101 17:15:06.209"/>
</kw>
<kw name="Wait Until Element Is Visible" library="Selenium2Library">
<arg>${logo_powered_by_bink}</arg>
<arg>1s</arg>
<doc>Waits until the element ``locator`` is visible.</doc>
<status status="PASS" starttime="20221101 17:15:06.210" endtime="20221101 17:15:08.253"/>
</kw>
<kw name="Execute Javascript" library="Selenium2Library">
<arg>window.scrollTo(0,document.body.scrollHeight)</arg>
<doc>Executes the given JavaScript code with possible arguments.</doc>
<msg timestamp="20221101 17:15:08.254" level="INFO">Executing JavaScript:
window.scrollTo(0,document.body.scrollHeight)
Without any arguments.</msg>
<status status="PASS" starttime="20221101 17:15:08.253" endtime="20221101 17:15:09.264"/>
</kw>
<kw name="Execute Javascript" library="Selenium2Library">
<arg>window.scrollTo(0,-document.body.scrollHeight)</arg>
<doc>Executes the given JavaScript code with possible arguments.</doc>
<msg timestamp="20221101 17:15:09.266" level="INFO">Executing JavaScript:
window.scrollTo(0,-document.body.scrollHeight)
Without any arguments.</msg>
<status status="PASS" starttime="20221101 17:15:09.264" endtime="20221101 17:15:10.280"/>
</kw>
<kw name="Capture Page Screenshot" library="Selenium2Library">
<doc>Takes a screenshot of the current page and embeds it into a log file.</doc>
<msg timestamp="20221101 17:15:11.795" level="INFO" html="true">&lt;/td&gt;&lt;/tr&gt;&lt;tr&gt;&lt;td colspan="3"&gt;&lt;a href="selenium-screenshot-3.png"&gt;&lt;img src="selenium-screenshot-3.png" width="800px"&gt;&lt;/a&gt;</msg>
<status status="PASS" starttime="20221101 17:15:10.280" endtime="20221101 17:15:11.795"/>
</kw>
<status status="PASS" starttime="20221101 17:15:04.164" endtime="20221101 17:15:11.796"/>
</kw>
<kw name="Kill Browser" library="general_keywords" type="TEARDOWN">
<kw name="Close All Browsers" library="Selenium2Library">
<doc>Closes all open browsers and resets the browser cache.</doc>
<status status="PASS" starttime="20221101 17:15:11.796" endtime="20221101 17:15:12.856"/>
</kw>
<status status="PASS" starttime="20221101 17:15:11.796" endtime="20221101 17:15:12.857"/>
</kw>
<status status="PASS" starttime="20221101 17:14:54.692" endtime="20221101 17:15:12.857"/>
</test>
<status status="PASS" starttime="20221101 17:14:53.550" endtime="20221101 17:15:12.857"/>
</suite>
<suite id="s1-s3" name="Test Logout Wasabi" source="/Users/navyaannajames/PycharmProjects/BinkWeb/bink-web-automation/testcases/test_logout_wasabi.robot">
<kw name="Include Browser Drivers" library="general_keywords" type="SETUP">
<kw name="Evaluate" library="BuiltIn">
<var>${chrome_options}</var>
<arg>sys.modules['selenium.webdriver'].ChromeOptions()</arg>
<arg>sys, selenium.webdriver</arg>
<doc>Evaluates the given expression in Python and returns the result.</doc>
<msg timestamp="20221101 17:15:12.873" level="INFO">${chrome_options} = &lt;selenium.webdriver.chrome.options.Options object at 0x1043e8760&gt;</msg>
<status status="PASS" starttime="20221101 17:15:12.872" endtime="20221101 17:15:12.873"/>
</kw>
<kw name="Call Method" library="BuiltIn">
<arg>${chrome_options}</arg>
<arg>add_argument</arg>
<arg>--disable-extensions</arg>
<doc>Calls the named method of the given object with the provided arguments.</doc>
<status status="PASS" starttime="20221101 17:15:12.873" endtime="20221101 17:15:12.873"/>
</kw>
<kw name="Call Method" library="BuiltIn">
<arg>${chrome_options}</arg>
<arg>add_argument</arg>
<arg>--headless</arg>
<doc>Calls the named method of the given object with the provided arguments.</doc>
<status status="PASS" starttime="20221101 17:15:12.873" endtime="20221101 17:15:12.873"/>
</kw>
<kw name="Call Method" library="BuiltIn">
<arg>${chrome_options}</arg>
<arg>add_argument</arg>
<arg>--disable-gpu</arg>
<doc>Calls the named method of the given object with the provided arguments.</doc>
<status status="PASS" starttime="20221101 17:15:12.873" endtime="20221101 17:15:12.873"/>
</kw>
<kw name="Call Method" library="BuiltIn">
<arg>${chrome_options}</arg>
<arg>add_argument</arg>
<arg>--no-sandbox</arg>
<doc>Calls the named method of the given object with the provided arguments.</doc>
<status status="PASS" starttime="20221101 17:15:12.874" endtime="20221101 17:15:12.874"/>
</kw>
<kw name="Call Method" library="BuiltIn">
<arg>${chrome_options}</arg>
<arg>add_argument</arg>
<arg>window-size\=1440,813</arg>
<doc>Calls the named method of the given object with the provided arguments.</doc>
<status status="PASS" starttime="20221101 17:15:12.874" endtime="20221101 17:15:12.874"/>
</kw>
<kw name="Create Webdriver" library="Selenium2Library">
<arg>Chrome</arg>
<arg>chrome_options=${chrome_options}</arg>
<doc>Creates an instance of Selenium WebDriver.</doc>
<msg timestamp="20221101 17:15:12.874" level="INFO">Creating an instance of the Chrome WebDriver.</msg>
<status status="PASS" starttime="20221101 17:15:12.874" endtime="20221101 17:15:13.667"/>
</kw>
<status status="PASS" starttime="20221101 17:15:12.872" endtime="20221101 17:15:13.668"/>
</kw>
<test id="s1-s3-t1" name="Verify Wasabi Club Modal" line="12">
<kw name="Launch the Wasabi App" library="general_keywords">
<kw name="Go To" library="Selenium2Library">
<arg>${url}</arg>
<doc>Navigates the current browser window to the provided ``url``.</doc>
<msg timestamp="20221101 17:15:13.669" level="INFO">Opening url 'https:wasabi.staging.gb.bink.com/login?debugLogin=true'</msg>
<status status="PASS" starttime="20221101 17:15:13.669" endtime="20221101 17:15:14.405"/>
</kw>
<status status="PASS" starttime="20221101 17:15:13.668" endtime="20221101 17:15:14.405"/>
</kw>
<kw name="Enter UserName" library="login_keywords">
<kw name="Set Selenium Speed" library="Selenium2Library">
<arg>1</arg>
<doc>Sets the delay that is waited after each Selenium command.</doc>
<status status="PASS" starttime="20221101 17:15:14.406" endtime="20221101 17:15:14.406"/>
</kw>
<kw name="Input Text" library="Selenium2Library">
<arg>${txt_login_email}</arg>
<arg>${email}</arg>
<doc>Types the given ``text`` into the text field identified by ``locator``.</doc>
<msg timestamp="20221101 17:15:14.406" level="INFO">Typing text 'QAtest+ws11@bink.com' into text field 'xpath://body/div[@id='bink-app-root']/div[1]/div[1]/div[2]/form[1]/label[1]/input[1]'.</msg>
<status status="PASS" starttime="20221101 17:15:14.406" endtime="20221101 17:15:17.598"/>
</kw>
<status status="PASS" starttime="20221101 17:15:14.405" endtime="20221101 17:15:17.598"/>
</kw>
<kw name="Enter Password" library="login_keywords">
<kw name="Input Password" library="Selenium2Library">
<arg>${txt_login_password}</arg>
<arg>${password}</arg>
<doc>Types the given password into the text field identified by ``locator``.</doc>
<msg timestamp="20221101 17:15:17.599" level="INFO">Typing password into text field 'xpath://body/div[@id='bink-app-root']/div[1]/div[1]/div[2]/form[1]/label[2]/input[1]'.</msg>
<msg timestamp="20221101 17:15:19.660" level="INFO">Temporally setting log level to: NONE</msg>
<msg timestamp="20221101 17:15:20.711" level="INFO">Log level changed from NONE to INFO.</msg>
<status status="PASS" starttime="20221101 17:15:17.599" endtime="20221101 17:15:20.712"/>
</kw>
<status status="PASS" starttime="20221101 17:15:17.598" endtime="20221101 17:15:20.713"/>
</kw>
<kw name="Click Login" library="login_keywords">
<kw name="Click Element" library="Selenium2Library">
<arg>${btn_login}</arg>
<doc>Click the element identified by ``locator``.</doc>
<msg timestamp="20221101 17:15:20.716" level="INFO">Clicking element 'xpath://button[contains(text(),'Login')]'.</msg>
<status status="PASS" starttime="20221101 17:15:20.714" endtime="20221101 17:15:22.882"/>
</kw>
<status status="PASS" starttime="20221101 17:15:20.713" endtime="20221101 17:15:22.883"/>
</kw>
<kw name="Logout Wasabi" library="logout_keywords">
<kw name="Wait Until Element Is Visible" library="Selenium2Library">
<arg>${click_wasabi_club_modal}</arg>
<arg>1s</arg>
<doc>Waits until the element ``locator`` is visible.</doc>
<status status="PASS" starttime="20221101 17:15:22.888" endtime="20221101 17:15:24.930"/>
</kw>
<kw name="Click Element" library="Selenium2Library">
<arg>${click_wasabi_club_modal}</arg>
<doc>Click the element identified by ``locator``.</doc>
<msg timestamp="20221101 17:15:24.934" level="INFO">Clicking element 'xpath://body/div[@id='bink-app-root']/div[1]/div[1]/div[1]/button[1]/*[1]'.</msg>
<status status="PASS" starttime="20221101 17:15:24.932" endtime="20221101 17:15:26.985"/>
</kw>
<kw name="Page Should Contain" library="Selenium2Library">
<arg>Wasabi Club support</arg>
<doc>Verifies that current page contains ``text``.</doc>
<msg timestamp="20221101 17:15:29.017" level="INFO">Current page contains text 'Wasabi Club support'.</msg>
<status status="PASS" starttime="20221101 17:15:26.985" endtime="20221101 17:15:29.018"/>
</kw>
<kw name="Scroll Element Into View" library="Selenium2Library">
<arg>${btn_logout}</arg>
<doc>Scrolls the element identified by ``locator`` into view.</doc>
<status status="PASS" starttime="20221101 17:15:29.019" endtime="20221101 17:15:31.306"/>
</kw>
<kw name="Wait Until Element Is Visible" library="Selenium2Library">
<arg>${btn_logout}</arg>
<arg>3</arg>
<doc>Waits until the element ``locator`` is visible.</doc>
<status status="PASS" starttime="20221101 17:15:31.306" endtime="20221101 17:15:33.346"/>
</kw>
<kw name="Click Button" library="Selenium2Library">
<arg>${btn_logout}</arg>
<doc>Clicks the button identified by ``locator``.</doc>
<msg timestamp="20221101 17:15:33.348" level="INFO">Clicking button 'xpath://button[contains(text(),'Logout')]'.</msg>
<status status="PASS" starttime="20221101 17:15:33.346" endtime="20221101 17:15:38.454"/>
</kw>
<kw name="Sleep" library="BuiltIn">
<arg>2</arg>
<doc>Pauses the test executed for the given time.</doc>
<msg timestamp="20221101 17:15:40.455" level="INFO">Slept 2 seconds</msg>
<status status="PASS" starttime="20221101 17:15:38.454" endtime="20221101 17:15:40.456"/>
</kw>
<status status="PASS" starttime="20221101 17:15:22.887" endtime="20221101 17:15:40.456"/>
</kw>
<kw name="Kill Browser" library="general_keywords" type="TEARDOWN">
<kw name="Close All Browsers" library="Selenium2Library">
<doc>Closes all open browsers and resets the browser cache.</doc>
<status status="PASS" starttime="20221101 17:15:40.458" endtime="20221101 17:15:41.523"/>
</kw>
<status status="PASS" starttime="20221101 17:15:40.457" endtime="20221101 17:15:41.523"/>
</kw>
<status status="PASS" starttime="20221101 17:15:13.668" endtime="20221101 17:15:41.523"/>
</test>
<status status="PASS" starttime="20221101 17:15:12.859" endtime="20221101 17:15:41.524"/>
</suite>
<suite id="s1-s4" name="Test Reward History" source="/Users/navyaannajames/PycharmProjects/BinkWeb/bink-web-automation/testcases/test_reward_history.robot">
<kw name="Include Browser Drivers" library="general_keywords" type="SETUP">
<kw name="Evaluate" library="BuiltIn">
<var>${chrome_options}</var>
<arg>sys.modules['selenium.webdriver'].ChromeOptions()</arg>
<arg>sys, selenium.webdriver</arg>
<doc>Evaluates the given expression in Python and returns the result.</doc>
<msg timestamp="20221101 17:15:41.555" level="INFO">${chrome_options} = &lt;selenium.webdriver.chrome.options.Options object at 0x103e5bdf0&gt;</msg>
<status status="PASS" starttime="20221101 17:15:41.554" endtime="20221101 17:15:41.555"/>
</kw>
<kw name="Call Method" library="BuiltIn">
<arg>${chrome_options}</arg>
<arg>add_argument</arg>
<arg>--disable-extensions</arg>
<doc>Calls the named method of the given object with the provided arguments.</doc>
<status status="PASS" starttime="20221101 17:15:41.555" endtime="20221101 17:15:41.556"/>
</kw>
<kw name="Call Method" library="BuiltIn">
<arg>${chrome_options}</arg>
<arg>add_argument</arg>
<arg>--headless</arg>
<doc>Calls the named method of the given object with the provided arguments.</doc>
<status status="PASS" starttime="20221101 17:15:41.556" endtime="20221101 17:15:41.556"/>
</kw>
<kw name="Call Method" library="BuiltIn">
<arg>${chrome_options}</arg>
<arg>add_argument</arg>
<arg>--disable-gpu</arg>
<doc>Calls the named method of the given object with the provided arguments.</doc>
<status status="PASS" starttime="20221101 17:15:41.556" endtime="20221101 17:15:41.556"/>
</kw>
<kw name="Call Method" library="BuiltIn">
<arg>${chrome_options}</arg>
<arg>add_argument</arg>
<arg>--no-sandbox</arg>
<doc>Calls the named method of the given object with the provided arguments.</doc>
<status status="PASS" starttime="20221101 17:15:41.557" endtime="20221101 17:15:41.557"/>
</kw>
<kw name="Call Method" library="BuiltIn">
<arg>${chrome_options}</arg>
<arg>add_argument</arg>
<arg>window-size\=1440,813</arg>
<doc>Calls the named method of the given object with the provided arguments.</doc>
<status status="PASS" starttime="20221101 17:15:41.557" endtime="20221101 17:15:41.557"/>
</kw>
<kw name="Create Webdriver" library="Selenium2Library">
<arg>Chrome</arg>
<arg>chrome_options=${chrome_options}</arg>
<doc>Creates an instance of Selenium WebDriver.</doc>
<msg timestamp="20221101 17:15:41.558" level="INFO">Creating an instance of the Chrome WebDriver.</msg>
<status status="PASS" starttime="20221101 17:15:41.557" endtime="20221101 17:15:42.476"/>
</kw>
<status status="PASS" starttime="20221101 17:15:41.554" endtime="20221101 17:15:42.477"/>
</kw>
<test id="s1-s4-t1" name="Verify Reward History" line="14">
<kw name="Launch the Wasabi App" library="general_keywords">
<kw name="Go To" library="Selenium2Library">
<arg>${url}</arg>
<doc>Navigates the current browser window to the provided ``url``.</doc>
<msg timestamp="20221101 17:15:42.478" level="INFO">Opening url 'https:wasabi.staging.gb.bink.com/login?debugLogin=true'</msg>
<status status="PASS" starttime="20221101 17:15:42.478" endtime="20221101 17:15:43.163"/>
</kw>
<status status="PASS" starttime="20221101 17:15:42.478" endtime="20221101 17:15:43.163"/>
</kw>
<kw name="Enter UserName" library="login_keywords">
<kw name="Set Selenium Speed" library="Selenium2Library">
<arg>1</arg>
<doc>Sets the delay that is waited after each Selenium command.</doc>
<status status="PASS" starttime="20221101 17:15:43.164" endtime="20221101 17:15:43.164"/>
</kw>
<kw name="Input Text" library="Selenium2Library">
<arg>${txt_login_email}</arg>
<arg>${email}</arg>
<doc>Types the given ``text`` into the text field identified by ``locator``.</doc>
<msg timestamp="20221101 17:15:43.165" level="INFO">Typing text 'QAtest+ws11@bink.com' into text field 'xpath://body/div[@id='bink-app-root']/div[1]/div[1]/div[2]/form[1]/label[1]/input[1]'.</msg>
<status status="PASS" starttime="20221101 17:15:43.164" endtime="20221101 17:15:46.378"/>
</kw>
<status status="PASS" starttime="20221101 17:15:43.163" endtime="20221101 17:15:46.378"/>
</kw>
<kw name="Enter Password" library="login_keywords">
<kw name="Input Password" library="Selenium2Library">
<arg>${txt_login_password}</arg>
<arg>${password}</arg>
<doc>Types the given password into the text field identified by ``locator``.</doc>
<msg timestamp="20221101 17:15:46.379" level="INFO">Typing password into text field 'xpath://body/div[@id='bink-app-root']/div[1]/div[1]/div[2]/form[1]/label[2]/input[1]'.</msg>
<msg timestamp="20221101 17:15:48.436" level="INFO">Temporally setting log level to: NONE</msg>
<msg timestamp="20221101 17:15:49.492" level="INFO">Log level changed from NONE to INFO.</msg>
<status status="PASS" starttime="20221101 17:15:46.379" endtime="20221101 17:15:49.492"/>
</kw>
<status status="PASS" starttime="20221101 17:15:46.378" endtime="20221101 17:15:49.493"/>
</kw>
<kw name="Click Login" library="login_keywords">
<kw name="Click Element" library="Selenium2Library">
<arg>${btn_login}</arg>
<doc>Click the element identified by ``locator``.</doc>
<msg timestamp="20221101 17:15:49.494" level="INFO">Clicking element 'xpath://button[contains(text(),'Login')]'.</msg>
<status status="PASS" starttime="20221101 17:15:49.494" endtime="20221101 17:15:51.660"/>
</kw>
<status status="PASS" starttime="20221101 17:15:49.493" endtime="20221101 17:15:51.661"/>
</kw>
<kw name="Add Payment Button" library="addpaymentcard_keywords">
<kw name="Click Element" library="Selenium2Library">
<arg>${btn_add_payment_card}</arg>
<doc>Click the element identified by ``locator``.</doc>
<msg timestamp="20221101 17:15:51.665" level="INFO">Clicking element 'xpath://button[@class='PaymentCardAdd_root__RzQCU']//*[name()='svg']'.</msg>
<status status="PASS" starttime="20221101 17:15:51.663" endtime="20221101 17:15:53.751"/>
</kw>
<kw name="Sleep" library="BuiltIn">
<arg>1</arg>
<doc>Pauses the test executed for the given time.</doc>
<msg timestamp="20221101 17:15:54.754" level="INFO">Slept 1 second</msg>
<status status="PASS" starttime="20221101 17:15:53.751" endtime="20221101 17:15:54.754"/>
</kw>
<kw name="Wait Until Page Contains" library="Selenium2Library">
<arg>Add credit/debit card</arg>
<doc>Waits until ``text`` appears on the current page.</doc>
<status status="PASS" starttime="20221101 17:15:54.754" endtime="20221101 17:15:55.780"/>
</kw>
<status status="PASS" starttime="20221101 17:15:51.662" endtime="20221101 17:15:55.780"/>
</kw>
<kw name="Enter Visa CardNumber" library="addpaymentcard_keywords">
<kw name="Select Frame" library="Selenium2Library">
<arg>tag:iframe</arg>
<doc>Sets frame identified by ``locator`` as the current frame.</doc>
<msg timestamp="20221101 17:15:55.784" level="INFO">Selecting frame 'tag:iframe'.</msg>
<status status="PASS" starttime="20221101 17:15:55.782" endtime="20221101 17:15:57.836"/>
</kw>
<kw name="Wait Until Page Contains Element" library="Selenium2Library">
<arg>${txt_cardnumber}</arg>
<doc>Waits until the element ``locator`` appears on the current page.</doc>
<status status="PASS" starttime="20221101 17:15:57.836" endtime="20221101 17:15:58.866"/>
</kw>
<kw name="Input Text" library="Selenium2Library">
<arg>${txt_cardnumber}</arg>
<arg>${Visacardnumber}</arg>
<doc>Types the given ``text`` into the text field identified by ``locator``.</doc>
<msg timestamp="20221101 17:15:58.867" level="INFO">Typing text '4539985769257548' into text field 'name:card_number'.</msg>
<status status="PASS" starttime="20221101 17:15:58.866" endtime="20221101 17:16:01.978"/>
</kw>
<kw name="Unselect Frame" library="Selenium2Library">
<doc>Sets the main frame as the current frame.</doc>
<status status="PASS" starttime="20221101 17:16:01.978" endtime="20221101 17:16:02.985"/>
</kw>
<status status="PASS" starttime="20221101 17:15:55.781" endtime="20221101 17:16:02.985"/>
</kw>
<kw name="Select Exp Month" library="addpaymentcard_keywords">
<kw name="Select From List By Label" library="Selenium2Library">
<arg>${drp_expmonth}</arg>
<arg>01</arg>
<doc>Selects options from selection list ``locator`` by ``labels``.</doc>
<msg timestamp="20221101 17:16:02.986" level="INFO">Selecting options from selection list 'name:cc-exp-month' by label 01.</msg>
<status status="PASS" starttime="20221101 17:16:02.986" endtime="20221101 17:16:12.097"/>
</kw>
<status status="PASS" starttime="20221101 17:16:02.985" endtime="20221101 17:16:12.098"/>
</kw>
<kw name="Select Exp Year" library="addpaymentcard_keywords">
<kw name="Select From List By Label" library="Selenium2Library">
<arg>${drp_expyear}</arg>
<arg>25</arg>
<doc>Selects options from selection list ``locator`` by ``labels``.</doc>
<msg timestamp="20221101 17:16:12.102" level="INFO">Selecting options from selection list 'name:cc-exp-year' by label 25.</msg>
<status status="PASS" starttime="20221101 17:16:12.100" endtime="20221101 17:16:21.237"/>
</kw>
<status status="PASS" starttime="20221101 17:16:12.099" endtime="20221101 17:16:21.238"/>
</kw>
<kw name="Enter Name on Card" library="addpaymentcard_keywords">
<kw name="Input Text" library="Selenium2Library">
<arg>${txt_name_on_card}</arg>
<arg>${nameoncard}</arg>
<doc>Types the given ``text`` into the text field identified by ``locator``.</doc>
<msg timestamp="20221101 17:16:21.240" level="INFO">Typing text 'Testuser' into text field 'name:payment-card-cardholder-name'.</msg>
<status status="PASS" starttime="20221101 17:16:21.239" endtime="20221101 17:16:24.346"/>
</kw>
<status status="PASS" starttime="20221101 17:16:21.238" endtime="20221101 17:16:24.346"/>
</kw>
<kw name="Click Add Credit Debit card Button" library="addpaymentcard_keywords">
<kw name="Click Element" library="Selenium2Library">
<arg>${btn_add_card}</arg>
<doc>Click the element identified by ``locator``.</doc>
<msg timestamp="20221101 17:16:24.348" level="INFO">Clicking element 'xpath://button[contains(text(),'Add credit/debit card')]'.</msg>
<status status="PASS" starttime="20221101 17:16:24.347" endtime="20221101 17:16:26.399"/>
</kw>
<kw name="Sleep" library="BuiltIn">
<arg>4</arg>
<doc>Pauses the test executed for the given time.</doc>
<msg timestamp="20221101 17:16:30.399" level="INFO">Slept 4 seconds</msg>
<status status="PASS" starttime="20221101 17:16:26.399" endtime="20221101 17:16:30.400"/>
</kw>
<status status="PASS" starttime="20221101 17:16:24.347" endtime="20221101 17:16:30.400"/>
</kw>
<kw name="View Reward History" library="rewardhistory_keywords">
<kw name="Wait Until Element Is Visible" library="Selenium2Library">
<arg>${reward_icon}</arg>
<arg>2s</arg>
<doc>Waits until the element ``locator`` is visible.</doc>
<status status="PASS" starttime="20221101 17:16:30.401" endtime="20221101 17:16:32.443"/>
</kw>
<kw name="Wait Until Page Contains" library="Selenium2Library">
<arg>Reward History</arg>
<doc>Waits until ``text`` appears on the current page.</doc>
<status status="PASS" starttime="20221101 17:16:32.444" endtime="20221101 17:16:33.460"/>
</kw>
<kw name="Page Should Contain" library="Selenium2Library">
<arg>See your past rewards</arg>
<doc>Verifies that current page contains ``text``.</doc>
<msg timestamp="20221101 17:16:35.484" level="INFO">Current page contains text 'See your past rewards'.</msg>
<status status="PASS" starttime="20221101 17:16:33.460" endtime="20221101 17:16:35.484"/>
</kw>
<kw name="Capture Page Screenshot" library="Selenium2Library">
<doc>Takes a screenshot of the current page and embeds it into a log file.</doc>
<msg timestamp="20221101 17:16:37.009" level="INFO" html="true">&lt;/td&gt;&lt;/tr&gt;&lt;tr&gt;&lt;td colspan="3"&gt;&lt;a href="selenium-screenshot-4.png"&gt;&lt;img src="selenium-screenshot-4.png" width="800px"&gt;&lt;/a&gt;</msg>
<status status="PASS" starttime="20221101 17:16:35.485" endtime="20221101 17:16:37.009"/>
</kw>
<kw name="Click Element" library="Selenium2Library">
<arg>${click_reward_history}</arg>
<doc>Click the element identified by ``locator``.</doc>
<msg timestamp="20221101 17:16:37.010" level="INFO">Clicking element 'xpath://body/div[@id='bink-app-root']/div[1]/section[1]/div[3]'.</msg>
<status status="PASS" starttime="20221101 17:16:37.009" endtime="20221101 17:16:39.076"/>
</kw>
<kw name="Page Should Contain" library="Selenium2Library">
<arg>Rewards history</arg>
<doc>Verifies that current page contains ``text``.</doc>
<msg timestamp="20221101 17:16:41.103" level="INFO">Current page contains text 'Rewards history'.</msg>
<status status="PASS" starttime="20221101 17:16:39.077" endtime="20221101 17:16:41.104"/>
</kw>
<kw name="Page Should Contain" library="Selenium2Library">
<arg>Your past rewards</arg>
<doc>Verifies that current page contains ``text``.</doc>
<msg timestamp="20221101 17:16:43.126" level="INFO">Current page contains text 'Your past rewards'.</msg>
<status status="PASS" starttime="20221101 17:16:41.104" endtime="20221101 17:16:43.127"/>
</kw>
<status status="PASS" starttime="20221101 17:16:30.400" endtime="20221101 17:16:43.127"/>
</kw>
<kw name="View Redeemed voucher" library="rewardhistory_keywords">
<kw name="Page Should Contain" library="Selenium2Library">
<arg>Free Meal</arg>
<doc>Verifies that current page contains ``text``.</doc>
<msg timestamp="20221101 17:16:45.153" level="INFO">Current page contains text 'Free Meal'.</msg>
<status status="PASS" starttime="20221101 17:16:43.128" endtime="20221101 17:16:45.154"/>
</kw>
<kw name="Page Should Contain" library="Selenium2Library">
<arg>for collecting 7 stamps</arg>
<doc>Verifies that current page contains ``text``.</doc>
<msg timestamp="20221101 17:16:47.180" level="INFO">Current page contains text 'for collecting 7 stamps'.</msg>
<status status="PASS" starttime="20221101 17:16:45.154" endtime="20221101 17:16:47.181"/>
</kw>
<kw name="Element Text Should Be" library="Selenium2Library">
<arg>${txt_redeemed}</arg>
<arg>redeemed</arg>
<doc>Verifies that element ``locator`` contains exact the text ``expected``.</doc>
<msg timestamp="20221101 17:16:47.182" level="INFO">Verifying element 'xpath://div[normalize-space()='redeemed']' contains exact text 'redeemed'.</msg>
<status status="PASS" starttime="20221101 17:16:47.181" endtime="20221101 17:16:49.222"/>
</kw>
<kw name="Page Should Contain" library="Selenium2Library">
<arg>on 27 Jan 2022</arg>
<doc>Verifies that current page contains ``text``.</doc>
<msg timestamp="20221101 17:16:51.249" level="INFO">Current page contains text 'on 27 Jan 2022'.</msg>
<status status="PASS" starttime="20221101 17:16:49.222" endtime="20221101 17:16:51.249"/>
</kw>
<status status="PASS" starttime="20221101 17:16:43.128" endtime="20221101 17:16:51.250"/>
</kw>
<kw name="View Cancelled voucher" library="rewardhistory_keywords">
<kw name="Page Should Contain" library="Selenium2Library">
<arg>Free Meal</arg>
<doc>Verifies that current page contains ``text``.</doc>
<msg timestamp="20221101 17:16:53.267" level="INFO">Current page contains text 'Free Meal'.</msg>
<status status="PASS" starttime="20221101 17:16:51.251" endtime="20221101 17:16:53.267"/>
</kw>
<kw name="Page Should Contain" library="Selenium2Library">
<arg>for collecting 7 stamps</arg>
<doc>Verifies that current page contains ``text``.</doc>
<msg timestamp="20221101 17:16:55.290" level="INFO">Current page contains text 'for collecting 7 stamps'.</msg>
<status status="PASS" starttime="20221101 17:16:53.268" endtime="20221101 17:16:55.291"/>
</kw>
<kw name="Element Text Should Be" library="Selenium2Library">
<arg>${txt_cancelled}</arg>
<arg>cancelled</arg>
<doc>Verifies that element ``locator`` contains exact the text ``expected``.</doc>
<msg timestamp="20221101 17:16:55.293" level="INFO">Verifying element 'xpath://div[normalize-space()='cancelled']' contains exact text 'cancelled'.</msg>
<status status="PASS" starttime="20221101 17:16:55.291" endtime="20221101 17:16:57.334"/>
</kw>
<kw name="Page Should Contain" library="Selenium2Library">
<arg>on 20 Jan 2022</arg>
<doc>Verifies that current page contains ``text``.</doc>
<msg timestamp="20221101 17:16:59.361" level="INFO">Current page contains text 'on 20 Jan 2022'.</msg>
<status status="PASS" starttime="20221101 17:16:57.334" endtime="20221101 17:16:59.361"/>
</kw>
<status status="PASS" starttime="20221101 17:16:51.250" endtime="20221101 17:16:59.362"/>
</kw>
<kw name="View Expired voucher" library="rewardhistory_keywords">
<kw name="Page Should Contain" library="Selenium2Library">
<arg>Free Meal</arg>
<doc>Verifies that current page contains ``text``.</doc>
<msg timestamp="20221101 17:17:01.394" level="INFO">Current page contains text 'Free Meal'.</msg>
<status status="PASS" starttime="20221101 17:16:59.363" endtime="20221101 17:17:01.394"/>
</kw>
<kw name="Page Should Contain" library="Selenium2Library">
<arg>for collecting 7 stamps</arg>
<doc>Verifies that current page contains ``text``.</doc>
<msg timestamp="20221101 17:17:03.411" level="INFO">Current page contains text 'for collecting 7 stamps'.</msg>
<status status="PASS" starttime="20221101 17:17:01.395" endtime="20221101 17:17:03.413"/>
</kw>
<kw name="Element Text Should Be" library="Selenium2Library">
<arg>${txt_expired}</arg>
<arg>expired</arg>
<doc>Verifies that element ``locator`` contains exact the text ``expected``.</doc>
<msg timestamp="20221101 17:17:03.424" level="INFO">Verifying element 'xpath://div[normalize-space()='expired']' contains exact text 'expired'.</msg>
<status status="PASS" starttime="20221101 17:17:03.415" endtime="20221101 17:17:05.470"/>
</kw>
<kw name="Page Should Contain" library="Selenium2Library">
<arg>on 30 Dec 2021</arg>
<doc>Verifies that current page contains ``text``.</doc>
<msg timestamp="20221101 17:17:07.501" level="INFO">Current page contains text 'on 30 Dec 2021'.</msg>
<status status="PASS" starttime="20221101 17:17:05.471" endtime="20221101 17:17:07.501"/>
</kw>
<kw name="Capture Page Screenshot" library="Selenium2Library">
<doc>Takes a screenshot of the current page and embeds it into a log file.</doc>
<msg timestamp="20221101 17:17:10.032" level="INFO" html="true">&lt;/td&gt;&lt;/tr&gt;&lt;tr&gt;&lt;td colspan="3"&gt;&lt;a href="selenium-screenshot-5.png"&gt;&lt;img src="selenium-screenshot-5.png" width="800px"&gt;&lt;/a&gt;</msg>
<status status="PASS" starttime="20221101 17:17:07.502" endtime="20221101 17:17:10.033"/>
</kw>
<kw name="Click Element" library="Selenium2Library">
<arg>${reward_btn_close}</arg>
<doc>Click the element identified by ``locator``.</doc>
<msg timestamp="20221101 17:17:10.034" level="INFO">Clicking element 'xpath://*[name()='path' and contains(@d,'M1.495.148')]'.</msg>
<status status="PASS" starttime="20221101 17:17:10.033" endtime="20221101 17:17:12.098"/>
</kw>
<status status="PASS" starttime="20221101 17:16:59.363" endtime="20221101 17:17:12.099"/>
</kw>
<kw name=" Delete Payment Card Visa" library="deletepaymentcard_keywords">
<kw name="Click Element" library="Selenium2Library">
<arg>${click_deleteIcon}</arg>
<doc>Click the element identified by ``locator``.</doc>
<msg timestamp="20221101 17:17:12.102" level="INFO">Clicking element 'xpath://body/div[@id='bink-app-root']/div[1]/section[4]/div[2]/div[1]/div[1]/div[2]/*[1]'.</msg>
<status status="PASS" starttime="20221101 17:17:12.100" endtime="20221101 17:17:14.177"/>
</kw>
<kw name="Page Should Contain" library="Selenium2Library">
<arg>Delete this card</arg>
<doc>Verifies that current page contains ``text``.</doc>
<msg timestamp="20221101 17:17:16.212" level="INFO">Current page contains text 'Delete this card'.</msg>
<status status="PASS" starttime="20221101 17:17:14.178" endtime="20221101 17:17:16.213"/>
</kw>
<kw name="Input Text" library="Selenium2Library">
<arg>${txt_enter_four_digits}</arg>
<arg>${lastfournumber_visa}</arg>
<doc>Types the given ``text`` into the text field identified by ``locator``.</doc>
<msg timestamp="20221101 17:17:16.216" level="INFO">Typing text '7548' into text field 'xpath://input[@id='bink-form-field-last-four-digits']'.</msg>
<status status="PASS" starttime="20221101 17:17:16.214" endtime="20221101 17:17:19.314"/>
</kw>
<kw name="Click Element" library="Selenium2Library">
<arg>${btn_remove_card}</arg>
<doc>Click the element identified by ``locator``.</doc>
<msg timestamp="20221101 17:17:19.314" level="INFO">Clicking element 'xpath://button[contains(text(),'Remove card')]'.</msg>
<status status="PASS" starttime="20221101 17:17:19.314" endtime="20221101 17:17:21.352"/>
</kw>
<kw name="Sleep" library="BuiltIn">
<arg>3</arg>
<doc>Pauses the test executed for the given time.</doc>
<msg timestamp="20221101 17:17:24.354" level="INFO">Slept 3 seconds</msg>
<status status="PASS" starttime="20221101 17:17:21.353" endtime="20221101 17:17:24.355"/>
</kw>
<status status="PASS" starttime="20221101 17:17:12.099" endtime="20221101 17:17:24.356"/>
</kw>
<kw name="Kill Browser" library="general_keywords" type="TEARDOWN">
<kw name="Close All Browsers" library="Selenium2Library">
<doc>Closes all open browsers and resets the browser cache.</doc>
<status status="PASS" starttime="20221101 17:17:24.359" endtime="20221101 17:17:25.431"/>
</kw>
<status status="PASS" starttime="20221101 17:17:24.357" endtime="20221101 17:17:25.431"/>
</kw>
<status status="PASS" starttime="20221101 17:15:42.477" endtime="20221101 17:17:25.431"/>
</test>
<status status="PASS" starttime="20221101 17:15:41.526" endtime="20221101 17:17:25.433"/>
</suite>
<suite id="s1-s5" name="Test Transaction History" source="/Users/navyaannajames/PycharmProjects/BinkWeb/bink-web-automation/testcases/test_transaction_history.robot">
<kw name="Include Browser Drivers" library="general_keywords" type="SETUP">
<kw name="Evaluate" library="BuiltIn">
<var>${chrome_options}</var>
<arg>sys.modules['selenium.webdriver'].ChromeOptions()</arg>
<arg>sys, selenium.webdriver</arg>
<doc>Evaluates the given expression in Python and returns the result.</doc>
<msg timestamp="20221101 17:17:25.459" level="INFO">${chrome_options} = &lt;selenium.webdriver.chrome.options.Options object at 0x10436f7c0&gt;</msg>
<status status="PASS" starttime="20221101 17:17:25.458" endtime="20221101 17:17:25.459"/>
</kw>
<kw name="Call Method" library="BuiltIn">
<arg>${chrome_options}</arg>
<arg>add_argument</arg>
<arg>--disable-extensions</arg>
<doc>Calls the named method of the given object with the provided arguments.</doc>
<status status="PASS" starttime="20221101 17:17:25.459" endtime="20221101 17:17:25.459"/>
</kw>
<kw name="Call Method" library="BuiltIn">
<arg>${chrome_options}</arg>
<arg>add_argument</arg>
<arg>--headless</arg>
<doc>Calls the named method of the given object with the provided arguments.</doc>
<status status="PASS" starttime="20221101 17:17:25.459" endtime="20221101 17:17:25.459"/>
</kw>
<kw name="Call Method" library="BuiltIn">
<arg>${chrome_options}</arg>
<arg>add_argument</arg>
<arg>--disable-gpu</arg>
<doc>Calls the named method of the given object with the provided arguments.</doc>
<status status="PASS" starttime="20221101 17:17:25.459" endtime="20221101 17:17:25.460"/>
</kw>
<kw name="Call Method" library="BuiltIn">
<arg>${chrome_options}</arg>
<arg>add_argument</arg>
<arg>--no-sandbox</arg>
<doc>Calls the named method of the given object with the provided arguments.</doc>
<status status="PASS" starttime="20221101 17:17:25.460" endtime="20221101 17:17:25.460"/>
</kw>
<kw name="Call Method" library="BuiltIn">
<arg>${chrome_options}</arg>
<arg>add_argument</arg>
<arg>window-size\=1440,813</arg>
<doc>Calls the named method of the given object with the provided arguments.</doc>
<status status="PASS" starttime="20221101 17:17:25.460" endtime="20221101 17:17:25.460"/>
</kw>
<kw name="Create Webdriver" library="Selenium2Library">
<arg>Chrome</arg>
<arg>chrome_options=${chrome_options}</arg>
<doc>Creates an instance of Selenium WebDriver.</doc>
<msg timestamp="20221101 17:17:25.461" level="INFO">Creating an instance of the Chrome WebDriver.</msg>
<status status="PASS" starttime="20221101 17:17:25.460" endtime="20221101 17:17:26.739"/>
</kw>
<status status="PASS" starttime="20221101 17:17:25.458" endtime="20221101 17:17:26.739"/>
</kw>
<test id="s1-s5-t1" name="Verify Transaction history" line="13">
<kw name="Launch the Wasabi App" library="general_keywords">
<kw name="Go To" library="Selenium2Library">
<arg>${url}</arg>
<doc>Navigates the current browser window to the provided ``url``.</doc>
<msg timestamp="20221101 17:17:26.740" level="INFO">Opening url 'https:wasabi.staging.gb.bink.com/login?debugLogin=true'</msg>
<status status="PASS" starttime="20221101 17:17:26.740" endtime="20221101 17:17:27.654"/>
</kw>
<status status="PASS" starttime="20221101 17:17:26.740" endtime="20221101 17:17:27.655"/>
</kw>
<kw name="Enter UserName" library="login_keywords">
<kw name="Set Selenium Speed" library="Selenium2Library">
<arg>1</arg>
<doc>Sets the delay that is waited after each Selenium command.</doc>
<status status="PASS" starttime="20221101 17:17:27.656" endtime="20221101 17:17:27.657"/>
</kw>
<kw name="Input Text" library="Selenium2Library">
<arg>${txt_login_email}</arg>
<arg>${email}</arg>
<doc>Types the given ``text`` into the text field identified by ``locator``.</doc>
<msg timestamp="20221101 17:17:27.660" level="INFO">Typing text 'QAtest+ws11@bink.com' into text field 'xpath://body/div[@id='bink-app-root']/div[1]/div[1]/div[2]/form[1]/label[1]/input[1]'.</msg>
<status status="PASS" starttime="20221101 17:17:27.657" endtime="20221101 17:17:30.892"/>
</kw>
<status status="PASS" starttime="20221101 17:17:27.655" endtime="20221101 17:17:30.892"/>
</kw>
<kw name="Enter Password" library="login_keywords">
<kw name="Input Password" library="Selenium2Library">
<arg>${txt_login_password}</arg>
<arg>${password}</arg>
<doc>Types the given password into the text field identified by ``locator``.</doc>
<msg timestamp="20221101 17:17:30.894" level="INFO">Typing password into text field 'xpath://body/div[@id='bink-app-root']/div[1]/div[1]/div[2]/form[1]/label[2]/input[1]'.</msg>
<msg timestamp="20221101 17:17:32.958" level="INFO">Temporally setting log level to: NONE</msg>
<msg timestamp="20221101 17:17:34.003" level="INFO">Log level changed from NONE to INFO.</msg>
<status status="PASS" starttime="20221101 17:17:30.893" endtime="20221101 17:17:34.003"/>
</kw>
<status status="PASS" starttime="20221101 17:17:30.893" endtime="20221101 17:17:34.003"/>
</kw>
<kw name="Click Login" library="login_keywords">
<kw name="Click Element" library="Selenium2Library">
<arg>${btn_login}</arg>
<doc>Click the element identified by ``locator``.</doc>
<msg timestamp="20221101 17:17:34.005" level="INFO">Clicking element 'xpath://button[contains(text(),'Login')]'.</msg>
<status status="PASS" starttime="20221101 17:17:34.004" endtime="20221101 17:17:36.170"/>
</kw>
<status status="PASS" starttime="20221101 17:17:34.004" endtime="20221101 17:17:36.170"/>
</kw>
<kw name="Add Payment Button" library="addpaymentcard_keywords">
<kw name="Click Element" library="Selenium2Library">
<arg>${btn_add_payment_card}</arg>
<doc>Click the element identified by ``locator``.</doc>
<msg timestamp="20221101 17:17:36.173" level="INFO">Clicking element 'xpath://button[@class='PaymentCardAdd_root__RzQCU']//*[name()='svg']'.</msg>
<status status="PASS" starttime="20221101 17:17:36.172" endtime="20221101 17:17:38.238"/>
</kw>
<kw name="Sleep" library="BuiltIn">
<arg>1</arg>
<doc>Pauses the test executed for the given time.</doc>
<msg timestamp="20221101 17:17:39.240" level="INFO">Slept 1 second</msg>
<status status="PASS" starttime="20221101 17:17:38.238" endtime="20221101 17:17:39.240"/>
</kw>
<kw name="Wait Until Page Contains" library="Selenium2Library">
<arg>Add credit/debit card</arg>
<doc>Waits until ``text`` appears on the current page.</doc>
<status status="PASS" starttime="20221101 17:17:39.241" endtime="20221101 17:17:40.264"/>
</kw>
<status status="PASS" starttime="20221101 17:17:36.171" endtime="20221101 17:17:40.265"/>
</kw>
<kw name="Enter Visa CardNumber" library="addpaymentcard_keywords">
<kw name="Select Frame" library="Selenium2Library">
<arg>tag:iframe</arg>
<doc>Sets frame identified by ``locator`` as the current frame.</doc>
<msg timestamp="20221101 17:17:40.266" level="INFO">Selecting frame 'tag:iframe'.</msg>
<status status="PASS" starttime="20221101 17:17:40.266" endtime="20221101 17:17:42.311"/>
</kw>
<kw name="Wait Until Page Contains Element" library="Selenium2Library">
<arg>${txt_cardnumber}</arg>
<doc>Waits until the element ``locator`` appears on the current page.</doc>
<status status="PASS" starttime="20221101 17:17:42.312" endtime="20221101 17:17:43.329"/>
</kw>
<kw name="Input Text" library="Selenium2Library">
<arg>${txt_cardnumber}</arg>
<arg>${Visacardnumber}</arg>
<doc>Types the given ``text`` into the text field identified by ``locator``.</doc>
<msg timestamp="20221101 17:17:43.332" level="INFO">Typing text '4539985769257548' into text field 'name:card_number'.</msg>
<status status="PASS" starttime="20221101 17:17:43.330" endtime="20221101 17:17:46.453"/>
</kw>
<kw name="Unselect Frame" library="Selenium2Library">
<doc>Sets the main frame as the current frame.</doc>
<status status="PASS" starttime="20221101 17:17:46.453" endtime="20221101 17:17:47.460"/>
</kw>
<status status="PASS" starttime="20221101 17:17:40.265" endtime="20221101 17:17:47.461"/>
</kw>
<kw name="Select Exp Month" library="addpaymentcard_keywords">
<kw name="Select From List By Label" library="Selenium2Library">
<arg>${drp_expmonth}</arg>
<arg>01</arg>
<doc>Selects options from selection list ``locator`` by ``labels``.</doc>
<msg timestamp="20221101 17:17:47.462" level="INFO">Selecting options from selection list 'name:cc-exp-month' by label 01.</msg>
<status status="PASS" starttime="20221101 17:17:47.461" endtime="20221101 17:17:56.588"/>
</kw>
<status status="PASS" starttime="20221101 17:17:47.461" endtime="20221101 17:17:56.590"/>
</kw>
<kw name="Select Exp Year" library="addpaymentcard_keywords">
<kw name="Select From List By Label" library="Selenium2Library">
<arg>${drp_expyear}</arg>
<arg>25</arg>
<doc>Selects options from selection list ``locator`` by ``labels``.</doc>
<msg timestamp="20221101 17:17:56.594" level="INFO">Selecting options from selection list 'name:cc-exp-year' by label 25.</msg>
<status status="PASS" starttime="20221101 17:17:56.592" endtime="20221101 17:18:05.743"/>
</kw>
<status status="PASS" starttime="20221101 17:17:56.591" endtime="20221101 17:18:05.744"/>
</kw>
<kw name="Enter Name on Card" library="addpaymentcard_keywords">
<kw name="Input Text" library="Selenium2Library">
<arg>${txt_name_on_card}</arg>
<arg>${nameoncard}</arg>
<doc>Types the given ``text`` into the text field identified by ``locator``.</doc>
<msg timestamp="20221101 17:18:05.746" level="INFO">Typing text 'Testuser' into text field 'name:payment-card-cardholder-name'.</msg>
<status status="PASS" starttime="20221101 17:18:05.745" endtime="20221101 17:18:08.862"/>
</kw>
<status status="PASS" starttime="20221101 17:18:05.744" endtime="20221101 17:18:08.862"/>
</kw>
<kw name="Click Add Credit Debit card Button" library="addpaymentcard_keywords">
<kw name="Click Element" library="Selenium2Library">
<arg>${btn_add_card}</arg>
<doc>Click the element identified by ``locator``.</doc>
<msg timestamp="20221101 17:18:08.863" level="INFO">Clicking element 'xpath://button[contains(text(),'Add credit/debit card')]'.</msg>
<status status="PASS" starttime="20221101 17:18:08.862" endtime="20221101 17:18:10.912"/>
</kw>
<kw name="Sleep" library="BuiltIn">
<arg>4</arg>
<doc>Pauses the test executed for the given time.</doc>
<msg timestamp="20221101 17:18:14.914" level="INFO">Slept 4 seconds</msg>
<status status="PASS" starttime="20221101 17:18:10.912" endtime="20221101 17:18:14.914"/>
</kw>
<status status="PASS" starttime="20221101 17:18:08.862" endtime="20221101 17:18:14.914"/>
</kw>
<kw name="Verify Payment card added" library="addpaymentcard_keywords">
<kw name="Execute Javascript" library="Selenium2Library">
<arg>window.scrollTo(0,document.body.scrollHeight)</arg>
<doc>Executes the given JavaScript code with possible arguments.</doc>
<msg timestamp="20221101 17:18:14.916" level="INFO">Executing JavaScript:
window.scrollTo(0,document.body.scrollHeight)
Without any arguments.</msg>
<status status="PASS" starttime="20221101 17:18:14.915" endtime="20221101 17:18:15.977"/>
</kw>
<kw name="Execute Javascript" library="Selenium2Library">
<arg>window.scrollTo(0,-document.body.scrollHeight)</arg>
<doc>Executes the given JavaScript code with possible arguments.</doc>
<msg timestamp="20221101 17:18:15.982" level="INFO">Executing JavaScript:
window.scrollTo(0,-document.body.scrollHeight)
Without any arguments.</msg>
<status status="PASS" starttime="20221101 17:18:15.979" endtime="20221101 17:18:17.024"/>
</kw>
[...]
</kw>
<kw name="Execute Javascript" library="Selenium2Library">
<arg>window.scrollTo(0,-document.body.scrollHeight)</arg>
<doc>Executes the given JavaScript code with possible arguments.</doc>
<msg timestamp="20221101 17:23:23.612" level="INFO">Executing JavaScript:
window.scrollTo(0,-document.body.scrollHeight)
Without any arguments.</msg>
<status status="PASS" starttime="20221101 17:23:23.610" endtime="20221101 17:23:24.624"/>
</kw>
<kw name="Capture Page Screenshot" library="Selenium2Library">
<doc>Takes a screenshot of the current page and embeds it into a log file.</doc>
<msg timestamp="20221101 17:23:26.152" level="INFO" html="true">&lt;/td&gt;&lt;/tr&gt;&lt;tr&gt;&lt;td colspan="3"&gt;&lt;a href="selenium-screenshot-13.png"&gt;&lt;img src="selenium-screenshot-13.png" width="800px"&gt;&lt;/a&gt;</msg>
<status status="PASS" starttime="20221101 17:23:24.624" endtime="20221101 17:23:26.153"/>
</kw>
<status status="PASS" starttime="20221101 17:23:22.592" endtime="20221101 17:23:26.153"/>
</kw>
<kw name="Verify Offers" library="verifyoffers_keywords">
<kw name="Wait Until Page Contains" library="Selenium2Library">
<arg>Offers</arg>
<doc>Waits until ``text`` appears on the current page.</doc>
<status status="PASS" starttime="20221101 17:23:26.153" endtime="20221101 17:23:27.172"/>
</kw>
<kw name="Execute Javascript" library="Selenium2Library">
<arg>window.scrollTo(0,400)</arg>
<doc>Executes the given JavaScript code with possible arguments.</doc>
<msg timestamp="20221101 17:23:27.175" level="INFO">Executing JavaScript:
window.scrollTo(0,400)
Without any arguments.</msg>
<status status="PASS" starttime="20221101 17:23:27.173" endtime="20221101 17:23:28.188"/>
</kw>
<kw name="Mouse Over" library="Selenium2Library">
<arg>${mouseover_offer}</arg>
<doc>Simulates hovering the mouse over the element ``locator``.</doc>
<msg timestamp="20221101 17:23:28.190" level="INFO">Simulating Mouse Over on element 'xpath://body/div[@id='bink-app-root']/div[1]/section[3]/div[1]/a[1]/img[1]'.</msg>
<status status="PASS" starttime="20221101 17:23:28.189" endtime="20221101 17:23:30.479"/>
</kw>
<kw name="Sleep" library="BuiltIn">
<arg>3</arg>
<doc>Pauses the test executed for the given time.</doc>
<msg timestamp="20221101 17:23:33.482" level="INFO">Slept 3 seconds</msg>
<status status="PASS" starttime="20221101 17:23:30.480" endtime="20221101 17:23:33.483"/>
</kw>
<kw name="Mouse Down On Image" library="Selenium2Library">
<arg>${mouseover_offer}</arg>
<doc>Simulates a mouse down event on an image identified by ``locator``.</doc>
<status status="PASS" starttime="20221101 17:23:33.483" endtime="20221101 17:23:36.785"/>
</kw>
<kw name="Capture Page Screenshot" library="Selenium2Library">
<doc>Takes a screenshot of the current page and embeds it into a log file.</doc>
<msg timestamp="20221101 17:23:38.332" level="INFO" html="true">&lt;/td&gt;&lt;/tr&gt;&lt;tr&gt;&lt;td colspan="3"&gt;&lt;a href="selenium-screenshot-14.png"&gt;&lt;img src="selenium-screenshot-14.png" width="800px"&gt;&lt;/a&gt;</msg>
<status status="PASS" starttime="20221101 17:23:36.786" endtime="20221101 17:23:38.333"/>
</kw>
<kw name="Sleep" library="BuiltIn">
<arg>1</arg>
<doc>Pauses the test executed for the given time.</doc>
<msg timestamp="20221101 17:23:39.336" level="INFO">Slept 1 second</msg>
<status status="PASS" starttime="20221101 17:23:38.333" endtime="20221101 17:23:39.336"/>
</kw>
<status status="PASS" starttime="20221101 17:23:26.153" endtime="20221101 17:23:39.337"/>
</kw>
<kw name=" Delete Payment Card Visa" library="deletepaymentcard_keywords">
<kw name="Click Element" library="Selenium2Library">
<arg>${click_deleteIcon}</arg>
<doc>Click the element identified by ``locator``.</doc>
<msg timestamp="20221101 17:23:39.341" level="INFO">Clicking element 'xpath://body/div[@id='bink-app-root']/div[1]/section[4]/div[2]/div[1]/div[1]/div[2]/*[1]'.</msg>
<status status="PASS" starttime="20221101 17:23:39.339" endtime="20221101 17:23:41.406"/>
</kw>
<kw name="Page Should Contain" library="Selenium2Library">
<arg>Delete this card</arg>
<doc>Verifies that current page contains ``text``.</doc>
<msg timestamp="20221101 17:23:43.433" level="INFO">Current page contains text 'Delete this card'.</msg>
<status status="PASS" starttime="20221101 17:23:41.406" endtime="20221101 17:23:43.434"/>
</kw>
<kw name="Input Text" library="Selenium2Library">
<arg>${txt_enter_four_digits}</arg>
<arg>${lastfournumber_visa}</arg>
<doc>Types the given ``text`` into the text field identified by ``locator``.</doc>
<msg timestamp="20221101 17:23:43.436" level="INFO">Typing text '7548' into text field 'xpath://input[@id='bink-form-field-last-four-digits']'.</msg>
<status status="PASS" starttime="20221101 17:23:43.434" endtime="20221101 17:23:46.543"/>
</kw>
<kw name="Click Element" library="Selenium2Library">
<arg>${btn_remove_card}</arg>
<doc>Click the element identified by ``locator``.</doc>
<msg timestamp="20221101 17:23:46.543" level="INFO">Clicking element 'xpath://button[contains(text(),'Remove card')]'.</msg>
<status status="PASS" starttime="20221101 17:23:46.543" endtime="20221101 17:23:48.582"/>
</kw>
<kw name="Sleep" library="BuiltIn">
<arg>3</arg>
<doc>Pauses the test executed for the given time.</doc>
<msg timestamp="20221101 17:23:51.584" level="INFO">Slept 3 seconds</msg>
<status status="PASS" starttime="20221101 17:23:48.583" endtime="20221101 17:23:51.585"/>
</kw>
<status status="PASS" starttime="20221101 17:23:39.338" endtime="20221101 17:23:51.585"/>
</kw>
<kw name="Kill Browser" library="general_keywords" type="TEARDOWN">
<kw name="Close All Browsers" library="Selenium2Library">
<doc>Closes all open browsers and resets the browser cache.</doc>
<status status="PASS" starttime="20221101 17:23:51.587" endtime="20221101 17:23:52.651"/>
</kw>
<status status="PASS" starttime="20221101 17:23:51.586" endtime="20221101 17:23:52.652"/>
</kw>
<status status="PASS" starttime="20221101 17:22:34.550" endtime="20221101 17:23:52.652"/>
</test>
<status status="PASS" starttime="20221101 17:22:33.603" endtime="20221101 17:23:52.653"/>
</suite>
<suite id="s1-s9" name="Test Verify Wasabiclub Modal" source="/Users/navyaannajames/PycharmProjects/BinkWeb/bink-web-automation/testcases/test_verify_wasabiclub_modal.robot">
<kw name="Include Browser Drivers" library="general_keywords" type="SETUP">
<kw name="Evaluate" library="BuiltIn">
<var>${chrome_options}</var>
<arg>sys.modules['selenium.webdriver'].ChromeOptions()</arg>
<arg>sys, selenium.webdriver</arg>
<doc>Evaluates the given expression in Python and returns the result.</doc>
<msg timestamp="20221101 17:23:52.672" level="INFO">${chrome_options} = &lt;selenium.webdriver.chrome.options.Options object at 0x10436f850&gt;</msg>
<status status="PASS" starttime="20221101 17:23:52.672" endtime="20221101 17:23:52.672"/>
</kw>
<kw name="Call Method" library="BuiltIn">
<arg>${chrome_options}</arg>
<arg>add_argument</arg>
<arg>--disable-extensions</arg>
<doc>Calls the named method of the given object with the provided arguments.</doc>
<status status="PASS" starttime="20221101 17:23:52.673" endtime="20221101 17:23:52.673"/>
</kw>
<kw name="Call Method" library="BuiltIn">
<arg>${chrome_options}</arg>
<arg>add_argument</arg>
<arg>--headless</arg>
<doc>Calls the named method of the given object with the provided arguments.</doc>
<status status="PASS" starttime="20221101 17:23:52.673" endtime="20221101 17:23:52.673"/>
</kw>
<kw name="Call Method" library="BuiltIn">
<arg>${chrome_options}</arg>
<arg>add_argument</arg>
<arg>--disable-gpu</arg>
<doc>Calls the named method of the given object with the provided arguments.</doc>
<status status="PASS" starttime="20221101 17:23:52.673" endtime="20221101 17:23:52.673"/>
</kw>
<kw name="Call Method" library="BuiltIn">
<arg>${chrome_options}</arg>
<arg>add_argument</arg>
<arg>--no-sandbox</arg>
<doc>Calls the named method of the given object with the provided arguments.</doc>
<status status="PASS" starttime="20221101 17:23:52.674" endtime="20221101 17:23:52.674"/>
</kw>
<kw name="Call Method" library="BuiltIn">
<arg>${chrome_options}</arg>
<arg>add_argument</arg>
<arg>window-size\=1440,813</arg>
<doc>Calls the named method of the given object with the provided arguments.</doc>
<status status="PASS" starttime="20221101 17:23:52.674" endtime="20221101 17:23:52.674"/>
</kw>
<kw name="Create Webdriver" library="Selenium2Library">
<arg>Chrome</arg>
<arg>chrome_options=${chrome_options}</arg>
<doc>Creates an instance of Selenium WebDriver.</doc>
<msg timestamp="20221101 17:23:52.674" level="INFO">Creating an instance of the Chrome WebDriver.</msg>
<status status="PASS" starttime="20221101 17:23:52.674" endtime="20221101 17:23:53.572"/>
</kw>
<status status="PASS" starttime="20221101 17:23:52.672" endtime="20221101 17:23:53.572"/>
</kw>
<test id="s1-s9-t1" name="Verify Wasabi Club Modal" line="11">
<kw name="Launch the Wasabi App" library="general_keywords">
<kw name="Go To" library="Selenium2Library">
<arg>${url}</arg>
<doc>Navigates the current browser window to the provided ``url``.</doc>
<msg timestamp="20221101 17:23:53.573" level="INFO">Opening url 'https:wasabi.staging.gb.bink.com/login?debugLogin=true'</msg>
<status status="PASS" starttime="20221101 17:23:53.573" endtime="20221101 17:23:54.462"/>
</kw>
<status status="PASS" starttime="20221101 17:23:53.573" endtime="20221101 17:23:54.462"/>
</kw>
<kw name="Enter UserName" library="login_keywords">
<kw name="Set Selenium Speed" library="Selenium2Library">
<arg>1</arg>
<doc>Sets the delay that is waited after each Selenium command.</doc>
<status status="PASS" starttime="20221101 17:23:54.463" endtime="20221101 17:23:54.463"/>
</kw>
<kw name="Input Text" library="Selenium2Library">
<arg>${txt_login_email}</arg>
<arg>${email}</arg>
<doc>Types the given ``text`` into the text field identified by ``locator``.</doc>
<msg timestamp="20221101 17:23:54.464" level="INFO">Typing text 'QAtest+ws11@bink.com' into text field 'xpath://body/div[@id='bink-app-root']/div[1]/div[1]/div[2]/form[1]/label[1]/input[1]'.</msg>
<status status="PASS" starttime="20221101 17:23:54.463" endtime="20221101 17:23:57.662"/>
</kw>
<status status="PASS" starttime="20221101 17:23:54.462" endtime="20221101 17:23:57.663"/>
</kw>
<kw name="Enter Password" library="login_keywords">
<kw name="Input Password" library="Selenium2Library">
<arg>${txt_login_password}</arg>
<arg>${password}</arg>
<doc>Types the given password into the text field identified by ``locator``.</doc>
<msg timestamp="20221101 17:23:57.666" level="INFO">Typing password into text field 'xpath://body/div[@id='bink-app-root']/div[1]/div[1]/div[2]/form[1]/label[2]/input[1]'.</msg>
<msg timestamp="20221101 17:23:59.728" level="INFO">Temporally setting log level to: NONE</msg>
<msg timestamp="20221101 17:24:00.779" level="INFO">Log level changed from NONE to INFO.</msg>
<status status="PASS" starttime="20221101 17:23:57.664" endtime="20221101 17:24:00.779"/>
</kw>
<status status="PASS" starttime="20221101 17:23:57.663" endtime="20221101 17:24:00.779"/>
</kw>
<kw name="Click Login" library="login_keywords">
<kw name="Click Element" library="Selenium2Library">
<arg>${btn_login}</arg>
<doc>Click the element identified by ``locator``.</doc>
<msg timestamp="20221101 17:24:00.781" level="INFO">Clicking element 'xpath://button[contains(text(),'Login')]'.</msg>
<status status="PASS" starttime="20221101 17:24:00.780" endtime="20221101 17:24:02.954"/>
</kw>
<status status="PASS" starttime="20221101 17:24:00.780" endtime="20221101 17:24:02.954"/>
</kw>
<kw name="Sleep" library="BuiltIn">
<arg>2</arg>
<doc>Pauses the test executed for the given time.</doc>
<msg timestamp="20221101 17:24:04.958" level="INFO">Slept 2 seconds</msg>
<status status="PASS" starttime="20221101 17:24:02.955" endtime="20221101 17:24:04.958"/>
</kw>
<kw name="Verify Wasabi Club Modal" library="verifywasabiclubmodal_keywords">
<kw name="Click Element" library="Selenium2Library">
<arg>${click_wasabi_club_modal}</arg>
<doc>Click the element identified by ``locator``.</doc>
<msg timestamp="20221101 17:24:04.962" level="INFO">Clicking element 'xpath://body/div[@id='bink-app-root']/div[1]/div[1]/div[1]/button[1]/*[1]'.</msg>
<status status="PASS" starttime="20221101 17:24:04.960" endtime="20221101 17:24:07.028"/>
</kw>
<kw name="Sleep" library="BuiltIn">
<arg>2</arg>
<doc>Pauses the test executed for the given time.</doc>
<msg timestamp="20221101 17:24:09.031" level="INFO">Slept 2 seconds</msg>
<status status="PASS" starttime="20221101 17:24:07.029" endtime="20221101 17:24:09.032"/>
</kw>
<kw name="Page Should Contain" library="Selenium2Library">
<arg>Wasabi Club support</arg>
<doc>Verifies that current page contains ``text``.</doc>
<msg timestamp="20221101 17:24:11.065" level="INFO">Current page contains text 'Wasabi Club support'.</msg>
<status status="PASS" starttime="20221101 17:24:09.032" endtime="20221101 17:24:11.066"/>
</kw>
<kw name="Sleep" library="BuiltIn">
<arg>2</arg>
<doc>Pauses the test executed for the given time.</doc>
<msg timestamp="20221101 17:24:13.069" level="INFO">Slept 2 seconds</msg>
<status status="PASS" starttime="20221101 17:24:11.066" endtime="20221101 17:24:13.070"/>
</kw>
<kw name="Click Element" library="Selenium2Library">
<arg>${link_wasabiclubfaq}</arg>
<doc>Click the element identified by ``locator``.</doc>
<msg timestamp="20221101 17:24:13.074" level="INFO">Clicking element 'xpath://body/div[@id='bink-app-root']/div[1]/div[1]/div[3]/div[1]/div[1]/div[1]/div[2]/a[1]'.</msg>
<status status="PASS" starttime="20221101 17:24:13.071" endtime="20221101 17:24:15.135"/>
</kw>
<kw name="Get Window Handles" library="Selenium2Library">
<arg>1</arg>
<doc>Returns all child window handles of the selected browser as a list.</doc>
<status status="PASS" starttime="20221101 17:24:15.136" endtime="20221101 17:24:16.928"/>
</kw>
<kw name="Sleep" library="BuiltIn">
<arg>2</arg>
<doc>Pauses the test executed for the given time.</doc>
<msg timestamp="20221101 17:24:18.931" level="INFO">Slept 2 seconds</msg>
<status status="PASS" starttime="20221101 17:24:16.928" endtime="20221101 17:24:18.933"/>
</kw>
<kw name="Click Element" library="Selenium2Library">
<arg>${link_wasabi_club_terms_conditions}</arg>
<doc>Click the element identified by ``locator``.</doc>
<msg timestamp="20221101 17:24:18.935" level="INFO">Clicking element 'xpath://*[@id='bink-app-root']/div/div[1]/div[3]/div[1]/div/div/div[2]/a[2]'.</msg>
<status status="PASS" starttime="20221101 17:24:18.933" endtime="20221101 17:24:21.002"/>
</kw>
<kw name="Sleep" library="BuiltIn">
<arg>2</arg>
<doc>Pauses the test executed for the given time.</doc>
<msg timestamp="20221101 17:24:23.005" level="INFO">Slept 2 seconds</msg>
<status status="PASS" starttime="20221101 17:24:21.003" endtime="20221101 17:24:23.006"/>
</kw>
<kw name="Click Element" library="Selenium2Library">
<arg>${link_binkfaq}</arg>
<doc>Click the element identified by ``locator``.</doc>
<msg timestamp="20221101 17:24:23.008" level="INFO">Clicking element 'xpath://body/div[@id='bink-app-root']/div[1]/div[1]/div[3]/div[1]/div[1]/div[1]/div[2]/a[3]'.</msg>
<status status="PASS" starttime="20221101 17:24:23.006" endtime="20221101 17:24:25.065"/>
</kw>
<kw name="Sleep" library="BuiltIn">
<arg>3</arg>
<doc>Pauses the test executed for the given time.</doc>
<msg timestamp="20221101 17:24:28.067" level="INFO">Slept 3 seconds</msg>
<status status="PASS" starttime="20221101 17:24:25.066" endtime="20221101 17:24:28.068"/>
</kw>
<kw name="Click Element" library="Selenium2Library">
<arg>${link_bink_terms_conditions}</arg>
<doc>Click the element identified by ``locator``.</doc>
<msg timestamp="20221101 17:24:28.071" level="INFO">Clicking element 'xpath://body/div[@id='bink-app-root']/div[1]/div[1]/div[3]/div[1]/div[1]/div[1]/div[2]/a[4]'.</msg>
<status status="PASS" starttime="20221101 17:24:28.068" endtime="20221101 17:24:30.135"/>
</kw>
<kw name="Sleep" library="BuiltIn">
<arg>3</arg>
<doc>Pauses the test executed for the given time.</doc>
<msg timestamp="20221101 17:24:33.136" level="INFO">Slept 3 seconds</msg>
<status status="PASS" starttime="20221101 17:24:30.136" endtime="20221101 17:24:33.137"/>
</kw>
<kw name="Click Element" library="Selenium2Library">
<arg>${link_bink_privacy_policy}</arg>
<doc>Click the element identified by ``locator``.</doc>
<msg timestamp="20221101 17:24:33.139" level="INFO">Clicking element 'xpath://body/div[@id='bink-app-root']/div[1]/div[1]/div[3]/div[1]/div[1]/div[1]/div[2]/a[5]'.</msg>
<status status="PASS" starttime="20221101 17:24:33.137" endtime="20221101 17:24:35.201"/>
</kw>
<kw name="Sleep" library="BuiltIn">
<arg>3</arg>
<doc>Pauses the test executed for the given time.</doc>
<msg timestamp="20221101 17:24:38.205" level="INFO">Slept 3 seconds</msg>
<status status="PASS" starttime="20221101 17:24:35.202" endtime="20221101 17:24:38.206"/>
</kw>
<kw name="Click Element" library="Selenium2Library">
<arg>${link_cookies_policy}</arg>
<doc>Click the element identified by ``locator``.</doc>
<msg timestamp="20221101 17:24:38.208" level="INFO">Clicking element 'xpath://body/div[@id='bink-app-root']/div[1]/div[1]/div[3]/div[1]/div[1]/div[1]/div[2]/a[6]'.</msg>
<status status="PASS" starttime="20221101 17:24:38.206" endtime="20221101 17:24:40.269"/>
</kw>
<kw name="Sleep" library="BuiltIn">
<arg>2</arg>
<doc>Pauses the test executed for the given time.</doc>
<msg timestamp="20221101 17:24:42.272" level="INFO">Slept 2 seconds</msg>
<status status="PASS" starttime="20221101 17:24:40.270" endtime="20221101 17:24:42.272"/>
</kw>
<kw name="Click Element" library="Selenium2Library">
<arg>${btn_close}</arg>
<doc>Click the element identified by ``locator``.</doc>
<msg timestamp="20221101 17:24:42.274" level="INFO">Clicking element 'xpath://button[@class='Modal_root__close-button__BROZO']'.</msg>
<status status="PASS" starttime="20221101 17:24:42.273" endtime="20221101 17:24:44.344"/>
</kw>
<status status="PASS" starttime="20221101 17:24:04.959" endtime="20221101 17:24:44.347"/>
</kw>
<kw name="Kill Browser" library="general_keywords" type="TEARDOWN">
<kw name="Close All Browsers" library="Selenium2Library">
<doc>Closes all open browsers and resets the browser cache.</doc>
<status status="PASS" starttime="20221101 17:24:44.350" endtime="20221101 17:24:45.413"/>
</kw>
<status status="PASS" starttime="20221101 17:24:44.348" endtime="20221101 17:24:45.413"/>
</kw>
<status status="PASS" starttime="20221101 17:23:53.572" endtime="20221101 17:24:45.413"/>
</test>
<status status="PASS" starttime="20221101 17:23:52.655" endtime="20221101 17:24:45.414"/>
</suite>
<status status="PASS" starttime="20221101 17:11:52.064" endtime="20221101 17:24:45.417"/>
</suite>
<statistics>
<total>
<stat pass="9" fail="0" skip="0">All Tests</stat>
</total>
<tag>
</tag>
<suite>
<stat pass="9" fail="0" skip="0" id="s1" name="Testcases">Testcases</stat>
<stat pass="1" fail="0" skip="0" id="s1-s1" name="Test Add Delete Paymentcard">Testcases.Test Add Delete Paymentcard</stat>
<stat pass="1" fail="0" skip="0" id="s1-s2" name="Test Login Wasabi">Testcases.Test Login Wasabi</stat>
<stat pass="1" fail="0" skip="0" id="s1-s3" name="Test Logout Wasabi">Testcases.Test Logout Wasabi</stat>
<stat pass="1" fail="0" skip="0" id="s1-s4" name="Test Reward History">Testcases.Test Reward History</stat>
<stat pass="1" fail="0" skip="0" id="s1-s5" name="Test Transaction History">Testcases.Test Transaction History</stat>
<stat pass="1" fail="0" skip="0" id="s1-s6" name="Test Verify Earned Voucher">Testcases.Test Verify Earned Voucher</stat>
<stat pass="1" fail="0" skip="0" id="s1-s7" name="Test Verify Membershipcard">Testcases.Test Verify Membershipcard</stat>
<stat pass="1" fail="0" skip="0" id="s1-s8" name="Test Verify Offers">Testcases.Test Verify Offers</stat>
<stat pass="1" fail="0" skip="0" id="s1-s9" name="Test Verify Wasabiclub Modal">Testcases.Test Verify Wasabiclub Modal</stat>
</suite>
</statistics>
<errors>
</errors>
</robot>
