<?xml version="1.0" encoding="UTF-8"?>
<robot generator="Robot 5.0.1 (Python 3.9.2 on darwin)" generated="20221019 13:14:16.961" rpa="false" schemaversion="3">
<suite id="s1" name="Test Login Wasabi" source="/Users/navyaannajames/PycharmProjects/BinkWebPortal/bink-web-automation/testcases/test_login_wasabi.robot">
<kw name="Include Browser Drivers" library="general_keywords" type="SETUP">
<kw name="Append To Environment Variable" library="OperatingSystem">
<arg>PATH</arg>
<arg>${EXECDIR}/resources/driver</arg>
<doc>Appends given ``values`` to environment variable ``name``.</doc>
<msg timestamp="20221019 13:14:17.114" level="INFO">Environment variable 'PATH' set to value '/Users/navyaannajames/Library/Caches/pypoetry/virtualenvs/bink-web-automation-lLKxWrxB-py3.9/bin:/Users/navyaannajames/.pyenv/shims:/opt/homebrew/bin:/opt/homebrew/sbin:/usr/local/bin:/usr/bin:/bin:/usr/sbin:/sbin:/opt/homebrew/bin:/opt/homebrew/bin:/Users/navyaannajames/PycharmProjects/BinkWebPortal/bink-web-automation/resources/driver'.</msg>
<status status="PASS" starttime="20221019 13:14:17.113" endtime="20221019 13:14:17.114"/>
</kw>
<kw name="Set Environment Variable" library="OperatingSystem">
<arg>webdriver.chrome.driver</arg>
<arg>${EXECDIR}/resources/driver/chromedriver</arg>
<doc>Sets an environment variable to a specified value.</doc>
<msg timestamp="20221019 13:14:17.114" level="INFO">Environment variable 'webdriver.chrome.driver' set to value '/Users/navyaannajames/PycharmProjects/BinkWebPortal/bink-web-automation/resources/driver/chromedriver'.</msg>
<status status="PASS" starttime="20221019 13:14:17.114" endtime="20221019 13:14:17.114"/>
</kw>
<kw name="Log" library="BuiltIn">
<arg>${EXECDIR}/resources/driver/chromedriver</arg>
<doc>Logs the given message with the given level.</doc>
<msg timestamp="20221019 13:14:17.114" level="INFO">/Users/navyaannajames/PycharmProjects/BinkWebPortal/bink-web-automation/resources/driver/chromedriver</msg>
<status status="PASS" starttime="20221019 13:14:17.114" endtime="20221019 13:14:17.114"/>
</kw>
<status status="PASS" starttime="20221019 13:14:17.113" endtime="20221019 13:14:17.114"/>
</kw>
<test id="s1-t1" name="LoginWasabi" line="11">
<kw name="Launch the Wasabi App" library="general_keywords">
<kw name="Open Browser" library="SeleniumLibrary">
<arg>${url}</arg>
<arg>${browser}</arg>
<doc>Opens a new browser instance to the optional ``url``.</doc>
<msg timestamp="20221019 13:14:17.115" level="INFO">Opening browser 'chrome' to base url 'https:wasabi.staging.gb.bink.com/login?debugLogin=true'.</msg>
<status status="PASS" starttime="20221019 13:14:17.114" endtime="20221019 13:14:25.916"/>
</kw>
<kw name="Maximize Browser Window" library="SeleniumLibrary">
<doc>Maximizes current browser window.</doc>
<status status="PASS" starttime="20221019 13:14:25.916" endtime="20221019 13:14:26.082"/>
</kw>
<status status="PASS" starttime="20221019 13:14:17.114" endtime="20221019 13:14:26.082"/>
</kw>
<kw name="Enter UserName" library="login_keywords">
<kw name="Set Selenium Speed" library="SeleniumLibrary">
<arg>1</arg>
<doc>Sets the delay that is waited after each Selenium command.</doc>
<status status="PASS" starttime="20221019 13:14:26.083" endtime="20221019 13:14:26.084"/>
</kw>
<kw name="Input Text" library="SeleniumLibrary">
<arg>${txt_login_email}</arg>
<arg>${email}</arg>
<doc>Types the given ``text`` into the text field identified by ``locator``.</doc>
<msg timestamp="20221019 13:14:26.084" level="INFO">Typing text 'QAtest+ws8@bink.com' into text field 'xpath://body/div[@id='bink-app-root']/div[1]/div[1]/div[2]/form[1]/label[1]/input[1]'.</msg>
<status status="PASS" starttime="20221019 13:14:26.084" endtime="20221019 13:14:29.871"/>
</kw>
<status status="PASS" starttime="20221019 13:14:26.083" endtime="20221019 13:14:29.874"/>
</kw>
<kw name="Enter Password" library="login_keywords">
<kw name="Input Password" library="SeleniumLibrary">
<arg>${txt_login_password}</arg>
<arg>${password}</arg>
<doc>Types the given password into the text field identified by ``locator``.</doc>
<msg timestamp="20221019 13:14:29.878" level="INFO">Typing password into text field 'xpath://body/div[@id='bink-app-root']/div[1]/div[1]/div[2]/form[1]/label[2]/input[1]'.</msg>
<msg timestamp="20221019 13:14:32.085" level="INFO">Temporally setting log level to: NONE</msg>
<msg timestamp="20221019 13:14:33.173" level="INFO">Log level changed from NONE to INFO.</msg>
<status status="PASS" starttime="20221019 13:14:29.877" endtime="20221019 13:14:33.173"/>
</kw>
<status status="PASS" starttime="20221019 13:14:29.875" endtime="20221019 13:14:33.174"/>
</kw>
<kw name="Click Login" library="login_keywords">
<kw name="Click Element" library="SeleniumLibrary">
<arg>${btn_login}</arg>
<doc>Click the element identified by ``locator``.</doc>
<msg timestamp="20221019 13:14:33.175" level="INFO">Clicking element 'xpath://button[contains(text(),'Login')]'.</msg>
<status status="PASS" starttime="20221019 13:14:33.175" endtime="20221019 13:14:36.661"/>
</kw>
<status status="PASS" starttime="20221019 13:14:33.174" endtime="20221019 13:14:36.661"/>
</kw>
<kw name="Kill Browser" library="general_keywords" type="TEARDOWN">
<kw name="Close Browser" library="SeleniumLibrary">
<doc>Closes the current browser.</doc>
<status status="PASS" starttime="20221019 13:14:36.662" endtime="20221019 13:14:38.754"/>
</kw>
<status status="PASS" starttime="20221019 13:14:36.662" endtime="20221019 13:14:38.754"/>
</kw>
<status status="PASS" starttime="20221019 13:14:17.114" endtime="20221019 13:14:38.755"/>
</test>
<status status="PASS" starttime="20221019 13:14:16.962" endtime="20221019 13:14:38.757"/>
</suite>
<statistics>
<total>
<stat pass="1" fail="0" skip="0">All Tests</stat>
</total>
<tag>
</tag>
<suite>
<stat pass="1" fail="0" skip="0" id="s1" name="Test Login Wasabi">Test Login Wasabi</stat>
</suite>
</statistics>
<errors>
</errors>
</robot>
