<?xml version="1.0" encoding="UTF-8"?>
<robot generator="Robot 4.1.1 (Python 3.9.7 on darwin)" generated="20220202 18:39:13.190" rpa="false" schemaversion="2">
<suite id="s1" name="Add Paymentcard" source="/Users/parinitakhond/PycharmProjects/bink-web-rf-automation/testcases/add_paymentcard.robot">
<test id="s1-t1" name="Add Paymentcard">
<kw name="Start Browser" library="loginkeywords" type="SETUP">
<kw name="Open Browser" library="SeleniumLibrary">
<arg>${url}</arg>
<arg>${browser}</arg>
<doc>Opens a new browser instance to the given ``url``.</doc>
<msg timestamp="20220202 18:39:13.447" level="INFO">Opening browser 'chrome' to base url 'https://wasabi.staging.gb.bink.com/login?debugLogin=true'.</msg>
<status status="PASS" starttime="20220202 18:39:13.447" endtime="20220202 18:39:17.744"/>
</kw>
<kw name="Maximize Browser Window" library="SeleniumLibrary">
<doc>Maximizes current browser window.</doc>
<status status="PASS" starttime="20220202 18:39:17.744" endtime="20220202 18:39:17.878"/>
</kw>
<status status="PASS" starttime="20220202 18:39:13.446" endtime="20220202 18:39:17.878"/>
</kw>
<kw name="Enter UserName" library="loginkeywords">
<kw name="Set Selenium Speed" library="SeleniumLibrary">
<arg>1</arg>
<doc>Sets the delay that is waited after each Selenium command.</doc>
<status status="PASS" starttime="20220202 18:39:17.879" endtime="20220202 18:39:17.880"/>
</kw>
<kw name="Input Text" library="SeleniumLibrary">
<arg>${txt_loginEmail}</arg>
<arg>${email}</arg>
<doc>Types the given ``text`` into text field identified by ``locator``.</doc>
<msg timestamp="20220202 18:39:17.880" level="INFO">Typing text 'testbink123+ml56@gmail.com' into text field 'xpath://body/div[@id='bink-app-root']/div[1]/div[1]/div[2]/form[1]/label[1]/input[1]'.</msg>
<status status="PASS" starttime="20220202 18:39:17.880" endtime="20220202 18:39:21.134"/>
</kw>
<status status="PASS" starttime="20220202 18:39:17.879" endtime="20220202 18:39:21.135"/>
</kw>
<kw name="Enter Password" library="loginkeywords">
<kw name="Input Password" library="SeleniumLibrary">
<arg>${txt_lpginPassword}</arg>
<arg>${password}</arg>
<doc>Types the given password into text field identified by ``locator``.</doc>
<msg timestamp="20220202 18:39:21.136" level="INFO">Typing password into text field 'xpath://body/div[@id='bink-app-root']/div[1]/div[1]/div[2]/form[1]/label[2]/input[1]'.</msg>
<status status="PASS" starttime="20220202 18:39:21.135" endtime="20220202 18:39:24.284"/>
</kw>
<status status="PASS" starttime="20220202 18:39:21.135" endtime="20220202 18:39:24.284"/>
</kw>
<kw name="Click Login" library="loginkeywords">
<kw name="Click Element" library="SeleniumLibrary">
<arg>${btn_login}</arg>
<doc>Click element identified by ``locator``.</doc>
<msg timestamp="20220202 18:39:24.286" level="INFO">Clicking element 'xpath://button[contains(text(),'Login')]'.</msg>
<status status="PASS" starttime="20220202 18:39:24.285" endtime="20220202 18:39:26.362"/>
</kw>
<status status="PASS" starttime="20220202 18:39:24.285" endtime="20220202 18:39:26.362"/>
</kw>
<kw name="Click Add Payment Button" library="addpaymentcardkeywords">
<kw name="Click Element" library="SeleniumLibrary">
<arg>${btn_addpaymentcard}</arg>
<doc>Click element identified by ``locator``.</doc>
<msg timestamp="20220202 18:39:26.363" level="INFO">Clicking element 'xpath://body/div[@id='bink-app-root']/div[1]/section[2]/div[2]/button[1]/*[1]'.</msg>
<status status="PASS" starttime="20220202 18:39:26.363" endtime="20220202 18:39:28.430"/>
</kw>
<kw name="Wait Until Page Contains" library="SeleniumLibrary">
<arg>Add credit/debit card</arg>
<doc>Waits until ``text`` appears on current page.</doc>
<status status="PASS" starttime="20220202 18:39:28.430" endtime="20220202 18:39:29.441"/>
</kw>
<status status="PASS" starttime="20220202 18:39:26.363" endtime="20220202 18:39:29.441"/>
</kw>
<kw name="Enter CardNumber" library="addpaymentcardkeywords">
<kw name="Select Frame" library="SeleniumLibrary">
<arg>tag:iframe</arg>
<doc>Sets frame identified by ``locator`` as the current frame.</doc>
<msg timestamp="20220202 18:39:29.442" level="INFO">Selecting frame 'tag:iframe'.</msg>
<status status="PASS" starttime="20220202 18:39:29.441" endtime="20220202 18:39:38.553"/>
</kw>
<kw name="Wait Until Page Contains Element" library="SeleniumLibrary">
<arg>${txt_cardnumber}</arg>
<doc>Waits until element ``locator`` appears on current page.</doc>
<status status="PASS" starttime="20220202 18:39:38.553" endtime="20220202 18:39:39.569"/>
</kw>
<kw name="Input Text" library="SeleniumLibrary">
<arg>${txt_cardnumber}</arg>
<arg>${cardnumber}</arg>
<doc>Types the given ``text`` into text field identified by ``locator``.</doc>
<msg timestamp="20220202 18:39:39.569" level="INFO">Typing text '4539985769257548' into text field 'name:card_number'.</msg>
<status status="PASS" starttime="20220202 18:39:39.569" endtime="20220202 18:39:42.676"/>
</kw>
<kw name="Unselect Frame" library="SeleniumLibrary">
<doc>Sets the main frame as the current frame.</doc>
<status status="PASS" starttime="20220202 18:39:42.677" endtime="20220202 18:39:43.680"/>
</kw>
<status status="PASS" starttime="20220202 18:39:29.441" endtime="20220202 18:39:43.681"/>
</kw>
<kw name="Select Exp Month" library="addpaymentcardkeywords">
<kw name="Select From List By Label" library="SeleniumLibrary">
<arg>${drp_expmonth}</arg>
<arg>01</arg>
<doc>Selects options from selection list ``locator`` by ``labels``.</doc>
<msg timestamp="20220202 18:39:43.682" level="INFO">Selecting options from selection list 'name:cc-exp-month' by label 01.</msg>
<status status="PASS" starttime="20220202 18:39:43.682" endtime="20220202 18:39:50.796"/>
</kw>
<status status="PASS" starttime="20220202 18:39:43.681" endtime="20220202 18:39:50.796"/>
</kw>
<kw name="Select Exp Year" library="addpaymentcardkeywords">
<kw name="Select From List By Label" library="SeleniumLibrary">
<arg>${drp_expyear}</arg>
<arg>25</arg>
<doc>Selects options from selection list ``locator`` by ``labels``.</doc>
<msg timestamp="20220202 18:39:50.797" level="INFO">Selecting options from selection list 'name:cc-exp-year' by label 25.</msg>
<status status="PASS" starttime="20220202 18:39:50.797" endtime="20220202 18:39:57.862"/>
</kw>
<status status="PASS" starttime="20220202 18:39:50.796" endtime="20220202 18:39:57.863"/>
</kw>
<kw name="Enter Name on Card" library="addpaymentcardkeywords">
<kw name="Input Text" library="SeleniumLibrary">
<arg>${txt_naneoncard}</arg>
<arg>${nameoncard}</arg>
<doc>Types the given ``text`` into text field identified by ``locator``.</doc>
<msg timestamp="20220202 18:39:57.864" level="INFO">Typing text 'SSD' into text field 'name:payment-card-cardholder-name'.</msg>
<status status="PASS" starttime="20220202 18:39:57.863" endtime="20220202 18:40:00.975"/>
</kw>
<status status="PASS" starttime="20220202 18:39:57.863" endtime="20220202 18:40:00.976"/>
</kw>
<kw name="Click Add Credit Debit card Button" library="addpaymentcardkeywords">
<kw name="Click Element" library="SeleniumLibrary">
<arg>${btn_addcard}</arg>
<doc>Click element identified by ``locator``.</doc>
<msg timestamp="20220202 18:40:00.980" level="INFO">Clicking element 'xpath://button[contains(text(),'Add credit/debit card')]'.</msg>
<status status="PASS" starttime="20220202 18:40:00.979" endtime="20220202 18:40:03.063"/>
</kw>
<kw name="Sleep" library="BuiltIn">
<arg>4</arg>
<doc>Pauses the test executed for the given time.</doc>
<msg timestamp="20220202 18:40:07.064" level="INFO">Slept 4 seconds</msg>
<status status="PASS" starttime="20220202 18:40:03.063" endtime="20220202 18:40:07.064"/>
</kw>
<status status="PASS" starttime="20220202 18:40:00.978" endtime="20220202 18:40:07.065"/>
</kw>
<kw name="Verify Payment card added" library="addpaymentcardkeywords">
<kw name="Execute Javascript" library="SeleniumLibrary">
<arg>window.scrollTo(0,document.body.scrollHeight)</arg>
<doc>Executes the given JavaScript code.</doc>
<msg timestamp="20220202 18:40:07.065" level="INFO">Executing JavaScript:
window.scrollTo(0,document.body.scrollHeight)</msg>
<status status="PASS" starttime="20220202 18:40:07.065" endtime="20220202 18:40:08.072"/>
</kw>
<kw name="Capture Page Screenshot" library="SeleniumLibrary">
<arg>xpath: //*[@id="bink-app-root"]/div/section[4]/div[2]/div/div/div[1]</arg>
<doc>Takes screenshot of the current page and embeds it into log file.</doc>
<msg timestamp="20220202 18:40:09.471" level="INFO" html="true">&lt;/td&gt;&lt;/tr&gt;&lt;tr&gt;&lt;td colspan="3"&gt;&lt;a href="xpath%3A%20/%2A%5B%40id%3D%22bink-app-root%22%5D/div/section%5B4%5D/div%5B2%5D/div/div/div%5B1%5D"&gt;&lt;img src="xpath%3A%20/%2A%5B%40id%3D%22bink-app-root%22%5D/div/section%5B4%5D/div%5B2%5D/div/div/div%5B1%5D" width="800px"&gt;&lt;/a&gt;</msg>
<msg timestamp="20220202 18:40:09.471" level="INFO">/Library/Frameworks/Python.framework/Versions/3.9/lib/python3.9/site-packages/selenium/webdriver/remote/webdriver.py:1030: UserWarning: name used for saved screenshot does not match file type. It should end with a `.png` extension
  warnings.warn("name used for saved screenshot does not match file "</msg>
<status status="PASS" starttime="20220202 18:40:08.072" endtime="20220202 18:40:09.471"/>
</kw>
<kw name="Execute Javascript" library="SeleniumLibrary">
<arg>window.scrollTo(0,-document.body.scrollHeight)</arg>
<doc>Executes the given JavaScript code.</doc>
<msg timestamp="20220202 18:40:09.471" level="INFO">Executing JavaScript:
window.scrollTo(0,-document.body.scrollHeight)</msg>
<status status="PASS" starttime="20220202 18:40:09.471" endtime="20220202 18:40:10.477"/>
</kw>
<status status="PASS" starttime="20220202 18:40:07.065" endtime="20220202 18:40:10.477"/>
</kw>
<kw name="Kill Browser" library="loginkeywords" type="TEARDOWN">
<kw name="Close Browser" library="SeleniumLibrary">
<doc>Closes the current browser.</doc>
<status status="PASS" starttime="20220202 18:40:10.478" endtime="20220202 18:40:11.542"/>
</kw>
<status status="PASS" starttime="20220202 18:40:10.478" endtime="20220202 18:40:11.542"/>
</kw>
<status status="PASS" starttime="20220202 18:39:13.445" endtime="20220202 18:40:11.542"/>
</test>
<status status="PASS" starttime="20220202 18:39:13.191" endtime="20220202 18:40:11.544"/>
</suite>
<statistics>
<total>
<stat pass="1" fail="0" skip="0">All Tests</stat>
</total>
<tag>
</tag>
<suite>
<stat pass="1" fail="0" skip="0" id="s1" name="Add Paymentcard">Add Paymentcard</stat>
</suite>
</statistics>
<errors>
</errors>
</robot>
